{"logTime": "0115/133623", "correlationVector":"fL0iHgIxlHL4zgoHA/wDkE.133","action":"GetUpdates", "result":"DeleteReceived", "context":{"id":"db583a96-ae9b-4b30-a3e4-6e074f034fcb", "isDeleted:":"true", "version":"1700063549281"}}
{"logTime": "0115/133623", "correlationVector":"fL0iHgIxlHL4zgoHA/wDkE.134","action":"GetUpdates", "result":"DeleteReceived", "context":{"id":"83a639bb-5d92-4c7d-a472-564151d4ea98", "isDeleted:":"true", "version":"1700071424175"}}
{"logTime": "0115/133623", "correlationVector":"fL0iHgIxlHL4zgoHA/wDkE.135","action":"GetUpdates", "result":"DeleteReceived", "context":{"id":"58cd8b3a-fe59-48c7-a594-268816f55829", "isDeleted:":"true", "version":"1700071424177"}}
{"logTime": "0115/133623", "correlationVector":"fL0iHgIxlHL4zgoHA/wDkE.136","action":"GetUpdates", "result":"DeleteReceived", "context":{"id":"5a67e082-c89b-4fc4-881a-899967b8d804", "isDeleted:":"true", "version":"1700072262809"}}
{"logTime": "0115/133623", "correlationVector":"fL0iHgIxlHL4zgoHA/wDkE.137","action":"GetUpdates", "result":"DeleteReceived", "context":{"id":"f37e5dc1-8127-49ce-812e-b04c99202ffa", "isDeleted:":"true", "version":"1700095024426"}}
{"logTime": "0115/133623", "correlationVector":"fL0iHgIxlHL4zgoHA/wDkE.138","action":"GetUpdates", "result":"DeleteReceived", "context":{"id":"d2696d65-9bc8-458a-862e-3cd807427e74", "isDeleted:":"true", "version":"1700095024429"}}
{"logTime": "0115/133623", "correlationVector":"fL0iHgIxlHL4zgoHA/wDkE.139","action":"GetUpdates", "result":"DeleteReceived", "context":{"id":"f92fc912-6df6-4565-9942-966f3690d733", "isDeleted:":"true", "version":"1700114663074"}}
{"logTime": "0115/133623", "correlationVector":"fL0iHgIxlHL4zgoHA/wDkE.140","action":"GetUpdates", "result":"DeleteReceived", "context":{"id":"95459b41-2163-40a2-a743-4ed3896d455b", "isDeleted:":"true", "version":"1700114663076"}}
{"logTime": "0115/133623", "correlationVector":"fL0iHgIxlHL4zgoHA/wDkE.141","action":"GetUpdates", "result":"DeleteReceived", "context":{"id":"4266d88e-0880-43f4-98d1-1a7599156ef7", "isDeleted:":"true", "version":"1700114663080"}}
{"logTime": "0115/133623", "correlationVector":"fL0iHgIxlHL4zgoHA/wDkE.142","action":"GetUpdates", "result":"DeleteReceived", "context":{"id":"5563e9e9-59e7-437e-80b6-a36abeec2c67", "isDeleted:":"true", "version":"1700114663081"}}
{"logTime": "0115/133623", "correlationVector":"fL0iHgIxlHL4zgoHA/wDkE.143","action":"GetUpdates", "result":"DeleteReceived", "context":{"id":"909ac860-8b1b-42fa-a810-7509a93076b2", "isDeleted:":"true", "version":"1700114663082"}}
{"logTime": "0115/133623", "correlationVector":"fL0iHgIxlHL4zgoHA/wDkE.144","action":"GetUpdates", "result":"DeleteReceived", "context":{"id":"6f8a032c-e43a-4532-ba7c-4fb00d9a2353", "isDeleted:":"true", "version":"1700114663084"}}
{"logTime": "0115/133623", "correlationVector":"fL0iHgIxlHL4zgoHA/wDkE.145","action":"GetUpdates", "result":"DeleteReceived", "context":{"id":"0f9926f4-5c50-4bfd-ab71-7b936b22243c", "isDeleted:":"true", "version":"1700118018636"}}
{"logTime": "0115/133623", "correlationVector":"fL0iHgIxlHL4zgoHA/wDkE.146","action":"GetUpdates", "result":"DeleteReceived", "context":{"id":"c23fcf3e-3efa-4e9c-9a01-9b552880f5ce", "isDeleted:":"true", "version":"1700118018638"}}
{"logTime": "0115/133623", "correlationVector":"fL0iHgIxlHL4zgoHA/wDkE.147","action":"GetUpdates", "result":"DeleteReceived", "context":{"id":"7fee6dd9-ebdc-45d3-afca-3b3fdf8f54d0", "isDeleted:":"true", "version":"1700123502842"}}
{"logTime": "0115/133623", "correlationVector":"fL0iHgIxlHL4zgoHA/wDkE.148","action":"GetUpdates", "result":"DeleteReceived", "context":{"id":"4178443a-be72-4e2e-885b-f439015934b3", "isDeleted:":"true", "version":"1700123832272"}}
{"logTime": "0115/133623", "correlationVector":"fL0iHgIxlHL4zgoHA/wDkE.149","action":"GetUpdates", "result":"DeleteReceived", "context":{"id":"cb26fd7d-0f0d-4093-97ec-68c40dc18167", "isDeleted:":"true", "version":"1700129481248"}}
{"logTime": "0115/133623", "correlationVector":"fL0iHgIxlHL4zgoHA/wDkE.150","action":"GetUpdates", "result":"DeleteReceived", "context":{"id":"94f1067a-0696-41a4-9fc2-710253f71142", "isDeleted:":"true", "version":"1700129481251"}}
{"logTime": "0115/133623", "correlationVector":"fL0iHgIxlHL4zgoHA/wDkE.151","action":"GetUpdates", "result":"DeleteReceived", "context":{"id":"8629fe77-8d74-4d04-8960-833c5bda5d99", "isDeleted:":"true", "version":"1700129481254"}}
{"logTime": "0115/133623", "correlationVector":"fL0iHgIxlHL4zgoHA/wDkE.152","action":"GetUpdates", "result":"DeleteReceived", "context":{"id":"b525f54a-fb4b-4d15-80ca-3d7c578ec46e", "isDeleted:":"true", "version":"1700133404799"}}
{"logTime": "0115/133623", "correlationVector":"fL0iHgIxlHL4zgoHA/wDkE.153","action":"GetUpdates", "result":"DeleteReceived", "context":{"id":"b7620326-5cd1-46e1-8143-e0ab90dcdf0d", "isDeleted:":"true", "version":"1700134762727"}}
{"logTime": "0115/133623", "correlationVector":"fL0iHgIxlHL4zgoHA/wDkE.154","action":"GetUpdates", "result":"DeleteReceived", "context":{"id":"66bb39aa-dd66-47e5-8cba-d1119290207b", "isDeleted:":"true", "version":"1700149577518"}}
{"logTime": "0115/133623", "correlationVector":"fL0iHgIxlHL4zgoHA/wDkE.155","action":"GetUpdates", "result":"DeleteReceived", "context":{"id":"2ef73b2b-4244-469e-b858-6857778373da", "isDeleted:":"true", "version":"1700149577520"}}
{"logTime": "0115/133623", "correlationVector":"fL0iHgIxlHL4zgoHA/wDkE.156","action":"GetUpdates", "result":"DeleteReceived", "context":{"id":"fccbadcd-eaa7-481c-990b-e99639159e88", "isDeleted:":"true", "version":"1700149577522"}}
{"logTime": "0115/133623", "correlationVector":"fL0iHgIxlHL4zgoHA/wDkE.157","action":"GetUpdates", "result":"DeleteReceived", "context":{"id":"c37b9bfa-3edc-4eb6-94cd-ce1ab9997d2d", "isDeleted:":"true", "version":"1700157902635"}}
{"logTime": "0115/133623", "correlationVector":"fL0iHgIxlHL4zgoHA/wDkE.158","action":"GetUpdates", "result":"DeleteReceived", "context":{"id":"70bf827e-a083-4982-b9d3-02b663fbb382", "isDeleted:":"true", "version":"1700157902636"}}
{"logTime": "0115/133623", "correlationVector":"fL0iHgIxlHL4zgoHA/wDkE.159","action":"GetUpdates", "result":"DeleteReceived", "context":{"id":"2b1633da-b1eb-47ad-8ab2-e955e199bf7c", "isDeleted:":"true", "version":"1700182403801"}}
{"logTime": "0115/133623", "correlationVector":"fL0iHgIxlHL4zgoHA/wDkE.160","action":"GetUpdates", "result":"DeleteReceived", "context":{"id":"e883cbf7-3dfe-41e8-9092-7fef75cd3daa", "isDeleted:":"true", "version":"1700182403802"}}
{"logTime": "0115/133623", "correlationVector":"fL0iHgIxlHL4zgoHA/wDkE.161","action":"GetUpdates", "result":"DeleteReceived", "context":{"id":"38997dda-6381-428a-98fe-be01c4ef6f3f", "isDeleted:":"true", "version":"1700182403804"}}
{"logTime": "0115/133623", "correlationVector":"fL0iHgIxlHL4zgoHA/wDkE.162","action":"GetUpdates", "result":"DeleteReceived", "context":{"id":"d7afd66e-7ad3-4fcf-ab62-675bd0013e86", "isDeleted:":"true", "version":"1700182403805"}}
{"logTime": "0115/133623", "correlationVector":"fL0iHgIxlHL4zgoHA/wDkE.163","action":"GetUpdates", "result":"DeleteReceived", "context":{"id":"189fbfe0-ace0-432d-802b-d44aa64cff76", "isDeleted:":"true", "version":"1700182403807"}}
{"logTime": "0115/133623", "correlationVector":"fL0iHgIxlHL4zgoHA/wDkE.164","action":"GetUpdates", "result":"DeleteReceived", "context":{"id":"857ac379-d830-406b-a0dc-9358c30df6b5", "isDeleted:":"true", "version":"1700185658488"}}
{"logTime": "0115/133623", "correlationVector":"fL0iHgIxlHL4zgoHA/wDkE.165","action":"GetUpdates", "result":"DeleteReceived", "context":{"id":"505af226-4185-46c5-b938-a502c600ecf2", "isDeleted:":"true", "version":"1700191433997"}}
{"logTime": "0115/133623", "correlationVector":"fL0iHgIxlHL4zgoHA/wDkE.166","action":"GetUpdates", "result":"DeleteReceived", "context":{"id":"96dd4e1e-a1f8-459a-bbf5-530dd9b1cb82", "isDeleted:":"true", "version":"1700191434000"}}
{"logTime": "0115/133623", "correlationVector":"fL0iHgIxlHL4zgoHA/wDkE.167","action":"GetUpdates", "result":"DeleteReceived", "context":{"id":"417f06be-7538-45d1-8946-e23afa98035b", "isDeleted:":"true", "version":"1700192607881"}}
{"logTime": "0115/133623", "correlationVector":"fL0iHgIxlHL4zgoHA/wDkE.168","action":"GetUpdates", "result":"DeleteReceived", "context":{"id":"391c9454-1338-47e6-a43b-7cef11526044", "isDeleted:":"true", "version":"1700192607882"}}
{"logTime": "0115/133623", "correlationVector":"fL0iHgIxlHL4zgoHA/wDkE.169","action":"GetUpdates", "result":"DeleteReceived", "context":{"id":"df6343c5-dd15-4cdb-981d-cd26d44f6ddf", "isDeleted:":"true", "version":"1700198886204"}}
{"logTime": "0115/133623", "correlationVector":"fL0iHgIxlHL4zgoHA/wDkE.170","action":"GetUpdates", "result":"DeleteReceived", "context":{"id":"c9a83bdf-830b-4703-ad14-22b58c0e5aa8", "isDeleted:":"true", "version":"1700198886205"}}
{"logTime": "0115/133623", "correlationVector":"fL0iHgIxlHL4zgoHA/wDkE.171","action":"GetUpdates", "result":"DeleteReceived", "context":{"id":"7d0d6029-ed3f-4152-8f1a-ff94f7b85c09", "isDeleted:":"true", "version":"1700198886206"}}
{"logTime": "0115/133623", "correlationVector":"fL0iHgIxlHL4zgoHA/wDkE.172","action":"GetUpdates", "result":"DeleteReceived", "context":{"id":"aaf62f39-1a81-416b-a152-0cbc9f01ab64", "isDeleted:":"true", "version":"1700198886207"}}
{"logTime": "0115/133623", "correlationVector":"fL0iHgIxlHL4zgoHA/wDkE.173","action":"GetUpdates", "result":"DeleteReceived", "context":{"id":"b3f9bbaf-40bc-4dd2-838e-cb7c4668627e", "isDeleted:":"true", "version":"1700198886208"}}
{"logTime": "0115/133623", "correlationVector":"fL0iHgIxlHL4zgoHA/wDkE.174","action":"GetUpdates", "result":"DeleteReceived", "context":{"id":"4e6bdb7f-725b-4074-8c63-ca75e9c565e8", "isDeleted:":"true", "version":"1700198886209"}}
{"logTime": "0115/133623", "correlationVector":"fL0iHgIxlHL4zgoHA/wDkE.175","action":"GetUpdates", "result":"DeleteReceived", "context":{"id":"ee4df0c6-042b-48ff-9e2c-8b588c99eabc", "isDeleted:":"true", "version":"1700198886211"}}
{"logTime": "0115/133623", "correlationVector":"fL0iHgIxlHL4zgoHA/wDkE.176","action":"GetUpdates", "result":"DeleteReceived", "context":{"id":"c94af577-7c29-4ff7-81a6-1cf3497b96c4", "isDeleted:":"true", "version":"1700202102138"}}
{"logTime": "0115/133623", "correlationVector":"fL0iHgIxlHL4zgoHA/wDkE.177","action":"GetUpdates", "result":"DeleteReceived", "context":{"id":"d435f3d0-3eee-4f0f-b6bb-5a067c2517b9", "isDeleted:":"true", "version":"1700202102139"}}
{"logTime": "0115/133623", "correlationVector":"fL0iHgIxlHL4zgoHA/wDkE.178","action":"GetUpdates", "result":"DeleteReceived", "context":{"id":"8ff6d57a-6085-4886-a2f7-47451adb4465", "isDeleted:":"true", "version":"1700202102141"}}
{"logTime": "0115/133623", "correlationVector":"fL0iHgIxlHL4zgoHA/wDkE.179","action":"GetUpdates", "result":"DeleteReceived", "context":{"id":"7515231f-76fd-4c2c-b492-c62191ffde11", "isDeleted:":"true", "version":"1700203676367"}}
{"logTime": "0115/133623", "correlationVector":"fL0iHgIxlHL4zgoHA/wDkE.180","action":"GetUpdates", "result":"DeleteReceived", "context":{"id":"7cad3d6a-9d70-4e46-9484-6b7bfd1dd6e3", "isDeleted:":"true", "version":"1700291278746"}}
{"logTime": "0115/133623", "correlationVector":"fL0iHgIxlHL4zgoHA/wDkE.181","action":"GetUpdates", "result":"DeleteReceived", "context":{"id":"3c8eb8df-d279-4f34-8aaa-142d6be1aae4", "isDeleted:":"true", "version":"1700291278747"}}
{"logTime": "0115/133623", "correlationVector":"fL0iHgIxlHL4zgoHA/wDkE.182","action":"GetUpdates", "result":"DeleteReceived", "context":{"id":"4c6ab968-a715-41e9-a448-ff0c1d267e06", "isDeleted:":"true", "version":"1700291278748"}}
{"logTime": "0115/133623", "correlationVector":"fL0iHgIxlHL4zgoHA/wDkE.183","action":"GetUpdates", "result":"DeleteReceived", "context":{"id":"55150122-eb6c-44fe-ba00-faf8af206d18", "isDeleted:":"true", "version":"1700291278749"}}
{"logTime": "0115/133623", "correlationVector":"fL0iHgIxlHL4zgoHA/wDkE.184","action":"GetUpdates", "result":"DeleteReceived", "context":{"id":"ab23539b-47a3-40ef-91cd-21b0765199d1", "isDeleted:":"true", "version":"1700291278751"}}
{"logTime": "0115/133623", "correlationVector":"fL0iHgIxlHL4zgoHA/wDkE.185","action":"GetUpdates", "result":"DeleteReceived", "context":{"id":"ed0e50f8-7a5d-4ba6-b819-183d102705f0", "isDeleted:":"true", "version":"1700458644488"}}
{"logTime": "0115/133623", "correlationVector":"fL0iHgIxlHL4zgoHA/wDkE.186","action":"GetUpdates", "result":"DeleteReceived", "context":{"id":"c2e5e19b-3549-45c4-82f7-eaf2819495fb", "isDeleted:":"true", "version":"1700458644489"}}
{"logTime": "0115/133623", "correlationVector":"fL0iHgIxlHL4zgoHA/wDkE.187","action":"GetUpdates", "result":"DeleteReceived", "context":{"id":"66b5286d-a5a8-476a-b0e0-1c43cd58f7fc", "isDeleted:":"true", "version":"1700458644490"}}
{"logTime": "0115/133623", "correlationVector":"fL0iHgIxlHL4zgoHA/wDkE.188","action":"GetUpdates", "result":"DeleteReceived", "context":{"id":"8ff4e498-cdc3-4593-bac0-030c62f6a378", "isDeleted:":"true", "version":"1700458644491"}}
{"logTime": "0115/133623", "correlationVector":"fL0iHgIxlHL4zgoHA/wDkE.189","action":"GetUpdates", "result":"DeleteReceived", "context":{"id":"3af48d9a-758b-48d8-b725-dc3e94c70629", "isDeleted:":"true", "version":"1700458644492"}}
{"logTime": "0115/133623", "correlationVector":"fL0iHgIxlHL4zgoHA/wDkE.190","action":"GetUpdates", "result":"DeleteReceived", "context":{"id":"69b7f536-5af6-4e3d-bafe-fbcc6366634a", "isDeleted:":"true", "version":"1700458644493"}}
{"logTime": "0115/133623", "correlationVector":"fL0iHgIxlHL4zgoHA/wDkE.191","action":"GetUpdates", "result":"DeleteReceived", "context":{"id":"1b2c455b-fb08-465e-a542-9fd1e55ae9fc", "isDeleted:":"true", "version":"1700458644495"}}
{"logTime": "0115/133623", "correlationVector":"fL0iHgIxlHL4zgoHA/wDkE.192","action":"GetUpdates", "result":"DeleteReceived", "context":{"id":"937f2b29-9ee7-4966-ae13-5aad50d52515", "isDeleted:":"true", "version":"1700481563734"}}
{"logTime": "0115/133623", "correlationVector":"fL0iHgIxlHL4zgoHA/wDkE.193","action":"GetUpdates", "result":"DeleteReceived", "context":{"id":"744a7760-6e65-4884-9cbe-e50bf4a51743", "isDeleted:":"true", "version":"1700481563736"}}
{"logTime": "0115/133623", "correlationVector":"fL0iHgIxlHL4zgoHA/wDkE.194","action":"GetUpdates", "result":"DeleteReceived", "context":{"id":"1ee134dc-d7e7-4c6c-bc03-16f9be908abf", "isDeleted:":"true", "version":"1700481655642"}}
{"logTime": "0115/133623", "correlationVector":"fL0iHgIxlHL4zgoHA/wDkE.195","action":"GetUpdates", "result":"DeleteReceived", "context":{"id":"3f9ac8cb-6538-402b-b631-69d861900159", "isDeleted:":"true", "version":"1700481655643"}}
{"logTime": "0115/133623", "correlationVector":"fL0iHgIxlHL4zgoHA/wDkE.196","action":"GetUpdates", "result":"DeleteReceived", "context":{"id":"42054921-1517-4231-9dc0-471ec6483e91", "isDeleted:":"true", "version":"1700488658358"}}
{"logTime": "0115/133623", "correlationVector":"fL0iHgIxlHL4zgoHA/wDkE.197","action":"GetUpdates", "result":"DeleteReceived", "context":{"id":"dfcb920a-aba8-42df-a1af-35aea62d10ad", "isDeleted:":"true", "version":"1700488658359"}}
{"logTime": "0115/133623", "correlationVector":"fL0iHgIxlHL4zgoHA/wDkE.198","action":"GetUpdates", "result":"DeleteReceived", "context":{"id":"f9ddb32a-b282-4cd1-8409-38fc532f4960", "isDeleted:":"true", "version":"1700488658360"}}
{"logTime": "0115/133623", "correlationVector":"fL0iHgIxlHL4zgoHA/wDkE.199","action":"GetUpdates", "result":"DeleteReceived", "context":{"id":"f2bcbb10-d9cb-4513-a7df-2595a687109e", "isDeleted:":"true", "version":"1700566324114"}}
{"logTime": "0115/133623", "correlationVector":"fL0iHgIxlHL4zgoHA/wDkE.200","action":"GetUpdates", "result":"DeleteReceived", "context":{"id":"37feff79-2476-4db1-b042-2577bdaf7aee", "isDeleted:":"true", "version":"1700566324115"}}
{"logTime": "0115/133623", "correlationVector":"fL0iHgIxlHL4zgoHA/wDkE.201","action":"GetUpdates", "result":"DeleteReceived", "context":{"id":"cbe4e880-b314-4757-ba07-e573603f6a8b", "isDeleted:":"true", "version":"1700566324116"}}
{"logTime": "0115/133623", "correlationVector":"fL0iHgIxlHL4zgoHA/wDkE.202","action":"GetUpdates", "result":"DeleteReceived", "context":{"id":"133d8466-4ae6-4d05-8761-6271bb5eeb55", "isDeleted:":"true", "version":"1700566324117"}}
{"logTime": "0115/133623", "correlationVector":"fL0iHgIxlHL4zgoHA/wDkE.203","action":"GetUpdates", "result":"DeleteReceived", "context":{"id":"94b8858c-bd09-4b73-83f2-c81bb7d1665c", "isDeleted:":"true", "version":"1700566324118"}}
{"logTime": "0115/133623", "correlationVector":"fL0iHgIxlHL4zgoHA/wDkE.204","action":"GetUpdates", "result":"DeleteReceived", "context":{"id":"b84847fa-d20a-4fd3-bcaa-4714b8336568", "isDeleted:":"true", "version":"1700566324119"}}
{"logTime": "0115/133623", "correlationVector":"fL0iHgIxlHL4zgoHA/wDkE.205","action":"GetUpdates", "result":"DeleteReceived", "context":{"id":"ad0eab9b-3f8c-4c6f-abd8-10d51a3b4ecd", "isDeleted:":"true", "version":"1700566324121"}}
{"logTime": "0115/133623", "correlationVector":"fL0iHgIxlHL4zgoHA/wDkE.206","action":"GetUpdates", "result":"DeleteReceived", "context":{"id":"e8622556-b0eb-40f2-bcfd-c233684e8e91", "isDeleted:":"true", "version":"1700712854388"}}
{"logTime": "0115/133623", "correlationVector":"fL0iHgIxlHL4zgoHA/wDkE.207","action":"GetUpdates", "result":"DeleteReceived", "context":{"id":"24295564-cb58-47a4-9c38-e524b88a2cea", "isDeleted:":"true", "version":"1700712854389"}}
{"logTime": "0115/133623", "correlationVector":"fL0iHgIxlHL4zgoHA/wDkE.208","action":"GetUpdates", "result":"DeleteReceived", "context":{"id":"25f9f053-4316-4a41-8322-ee7343bd434c", "isDeleted:":"true", "version":"1700712854390"}}
{"logTime": "0115/133623", "correlationVector":"fL0iHgIxlHL4zgoHA/wDkE.209","action":"GetUpdates", "result":"DeleteReceived", "context":{"id":"22e72888-f14b-43dd-9468-9235759bf116", "isDeleted:":"true", "version":"1700712854391"}}
{"logTime": "0115/133623", "correlationVector":"fL0iHgIxlHL4zgoHA/wDkE.210","action":"GetUpdates", "result":"DeleteReceived", "context":{"id":"82b36321-ef9e-4102-82fe-267827ebe3f9", "isDeleted:":"true", "version":"1700712854393"}}
{"logTime": "0115/133623", "correlationVector":"fL0iHgIxlHL4zgoHA/wDkE.211","action":"GetUpdates", "result":"DeleteReceived", "context":{"id":"ed47778d-0ce3-4757-861b-2a55a91b39a2", "isDeleted:":"true", "version":"1700724742990"}}
{"logTime": "0115/133623", "correlationVector":"fL0iHgIxlHL4zgoHA/wDkE.212","action":"GetUpdates", "result":"DeleteReceived", "context":{"id":"5179e09d-ab52-4058-ab9b-9affa8050226", "isDeleted:":"true", "version":"1700725044212"}}
{"logTime": "0115/133623", "correlationVector":"fL0iHgIxlHL4zgoHA/wDkE.213","action":"GetUpdates", "result":"DeleteReceived", "context":{"id":"e1c7995f-834f-474a-b26b-6d35fc3496e0", "isDeleted:":"true", "version":"1700725044213"}}
{"logTime": "0115/133623", "correlationVector":"fL0iHgIxlHL4zgoHA/wDkE.214","action":"GetUpdates", "result":"DeleteReceived", "context":{"id":"d065e97d-e8e5-4d0f-b1ed-df7eec255979", "isDeleted:":"true", "version":"1700725044215"}}
{"logTime": "0115/133623", "correlationVector":"fL0iHgIxlHL4zgoHA/wDkE.215","action":"GetUpdates", "result":"DeleteReceived", "context":{"id":"f2d77b6a-c1be-42fe-9407-3a28166631ee", "isDeleted:":"true", "version":"1700756034230"}}
{"logTime": "0115/133623", "correlationVector":"fL0iHgIxlHL4zgoHA/wDkE.216","action":"GetUpdates", "result":"DeleteReceived", "context":{"id":"fb8c3aa4-91c4-410b-a9a8-d7a48fadb62e", "isDeleted:":"true", "version":"1700756691390"}}
{"logTime": "0115/133623", "correlationVector":"fL0iHgIxlHL4zgoHA/wDkE.217","action":"GetUpdates", "result":"DeleteReceived", "context":{"id":"1b28e9a0-cde2-445c-95ab-508da450cf87", "isDeleted:":"true", "version":"1700756691391"}}
{"logTime": "0115/133623", "correlationVector":"fL0iHgIxlHL4zgoHA/wDkE.218","action":"GetUpdates", "result":"DeleteReceived", "context":{"id":"497e5e32-a064-47c3-bcd5-3a5089557e48", "isDeleted:":"true", "version":"1700756691392"}}
{"logTime": "0115/133623", "correlationVector":"fL0iHgIxlHL4zgoHA/wDkE.219","action":"GetUpdates", "result":"DeleteReceived", "context":{"id":"d84e68d7-e707-4554-9818-d3d668e79b24", "isDeleted:":"true", "version":"1700756691394"}}
{"logTime": "0115/133623", "correlationVector":"fL0iHgIxlHL4zgoHA/wDkE.220","action":"GetUpdates", "result":"DeleteReceived", "context":{"id":"0972df81-4f17-440e-976c-07d011637924", "isDeleted:":"true", "version":"1700756691396"}}
{"logTime": "0115/133623", "correlationVector":"fL0iHgIxlHL4zgoHA/wDkE.221","action":"GetUpdates", "result":"DeleteReceived", "context":{"id":"3e572862-09bb-44f3-8b6d-13b2a23e1d18", "isDeleted:":"true", "version":"1700756691398"}}
{"logTime": "0115/133623", "correlationVector":"fL0iHgIxlHL4zgoHA/wDkE.222","action":"GetUpdates", "result":"DeleteReceived", "context":{"id":"54930b11-b2b2-4318-9787-b6cb25274e7f", "isDeleted:":"true", "version":"1700791159927"}}
{"logTime": "0115/133623", "correlationVector":"fL0iHgIxlHL4zgoHA/wDkE.223","action":"GetUpdates", "result":"DeleteReceived", "context":{"id":"d2729ce2-e4a3-469e-94d4-b544cbf9af49", "isDeleted:":"true", "version":"1700810874535"}}
{"logTime": "0115/133623", "correlationVector":"fL0iHgIxlHL4zgoHA/wDkE.224","action":"GetUpdates", "result":"DeleteReceived", "context":{"id":"b4d7d88d-fb8b-490b-af23-93cdc537b3bc", "isDeleted:":"true", "version":"1700810874536"}}
{"logTime": "0115/133623", "correlationVector":"fL0iHgIxlHL4zgoHA/wDkE.225","action":"GetUpdates", "result":"DeleteReceived", "context":{"id":"3a9e742b-95fc-4ee9-840b-5d8ec28d7376", "isDeleted:":"true", "version":"1700814476244"}}
{"logTime": "0115/133623", "correlationVector":"fL0iHgIxlHL4zgoHA/wDkE.226","action":"GetUpdates", "result":"DeleteReceived", "context":{"id":"27a7a88e-2bb7-4c8f-8b16-119a88a6c500", "isDeleted:":"true", "version":"1700814476245"}}
{"logTime": "0115/133623", "correlationVector":"fL0iHgIxlHL4zgoHA/wDkE.227","action":"GetUpdates", "result":"DeleteReceived", "context":{"id":"04f217af-59c2-4570-9868-b82490f57216", "isDeleted:":"true", "version":"1700814476247"}}
{"logTime": "0115/133623", "correlationVector":"fL0iHgIxlHL4zgoHA/wDkE.228","action":"GetUpdates", "result":"DeleteReceived", "context":{"id":"cb9d0068-eda8-4032-964e-8116d4247ef8", "isDeleted:":"true", "version":"1700838425172"}}
{"logTime": "0115/133623", "correlationVector":"fL0iHgIxlHL4zgoHA/wDkE.229","action":"GetUpdates", "result":"DeleteReceived", "context":{"id":"506bcd0a-4c3f-47b4-9722-6630436d0383", "isDeleted:":"true", "version":"1700888565932"}}
{"logTime": "0115/133623", "correlationVector":"fL0iHgIxlHL4zgoHA/wDkE.230","action":"GetUpdates", "result":"DeleteReceived", "context":{"id":"1426104d-4151-464f-8282-bda91bc82e1d", "isDeleted:":"true", "version":"1700888700765"}}
{"logTime": "0115/133623", "correlationVector":"fL0iHgIxlHL4zgoHA/wDkE.231","action":"GetUpdates", "result":"DeleteReceived", "context":{"id":"eebb9a02-363c-40f0-b6be-a6a79047b5d9", "isDeleted:":"true", "version":"1700888700766"}}
{"logTime": "0115/133623", "correlationVector":"fL0iHgIxlHL4zgoHA/wDkE.232","action":"GetUpdates", "result":"DeleteReceived", "context":{"id":"d49e1df1-2e92-4fc5-9d2d-e53a44fefcc9", "isDeleted:":"true", "version":"1700888700768"}}
{"logTime": "0115/133623", "correlationVector":"fL0iHgIxlHL4zgoHA/wDkE.233","action":"GetUpdates", "result":"DeleteReceived", "context":{"id":"5a2276ab-e4e9-435e-8f47-23bd27696000", "isDeleted:":"true", "version":"1700888700769"}}
{"logTime": "0115/133623", "correlationVector":"fL0iHgIxlHL4zgoHA/wDkE.234","action":"GetUpdates", "result":"DeleteReceived", "context":{"id":"1bd6b433-257d-44d9-b359-a0154916e31d", "isDeleted:":"true", "version":"1700888700770"}}
{"logTime": "0115/133623", "correlationVector":"fL0iHgIxlHL4zgoHA/wDkE.235","action":"GetUpdates", "result":"DeleteReceived", "context":{"id":"e60d8484-68d2-4aa8-af98-560d6bc20c3c", "isDeleted:":"true", "version":"1700888700771"}}
{"logTime": "0115/133623", "correlationVector":"fL0iHgIxlHL4zgoHA/wDkE.236","action":"GetUpdates", "result":"DeleteReceived", "context":{"id":"f89534d2-1260-4b20-b777-d688c34c3b14", "isDeleted:":"true", "version":"1700890612766"}}
{"logTime": "0115/133623", "correlationVector":"fL0iHgIxlHL4zgoHA/wDkE.237","action":"GetUpdates", "result":"DeleteReceived", "context":{"id":"a2c0dcb2-a28d-4d5e-a64f-fbf4935d54fc", "isDeleted:":"true", "version":"1700890644338"}}
{"logTime": "0115/133623", "correlationVector":"fL0iHgIxlHL4zgoHA/wDkE.238","action":"GetUpdates", "result":"DeleteReceived", "context":{"id":"d621ccac-f6db-438d-9c23-de9f1bf1b18b", "isDeleted:":"true", "version":"1700890644342"}}
{"logTime": "0115/133623", "correlationVector":"fL0iHgIxlHL4zgoHA/wDkE.239","action":"GetUpdates", "result":"DeleteReceived", "context":{"id":"f0de5a98-79b3-4e34-8aa5-6d505141cafb", "isDeleted:":"true", "version":"1700895693564"}}
{"logTime": "0115/133623", "correlationVector":"fL0iHgIxlHL4zgoHA/wDkE.240","action":"GetUpdates Response", "result":"SERVER_MORE_TO_DOWNLOAD", "context":Received 250 update(s).  Some updates remain.}
{"logTime": "0115/133623", "correlationVector":"xUbWv2hD36ScC+aA8Jfhht","action":"Initial GetUpdates", "result":"", "context":Reason: RECONFIGURATION. cV=xUbWv2hD36ScC+aA8Jfhht}
{"logTime": "0115/133623", "correlationVector":"xUbWv2hD36ScC+aA8Jfhht.1","action":"SyncServerConnectionManagerRequest", "result":"SYNC_SERVER_OK", "context":{"environment":"Prod_SoutheastAsia_000j", "migrationStage":"NotStarted", "server":"GENERAL0100000A"}}
{"logTime": "0115/133623", "correlationVector":"xUbWv2hD36ScC+aA8Jfhht.2","action":"GetUpdates", "result":"DeleteReceived", "context":{"id":"8d4bd689-f786-4832-ba6d-7d27b9ecdee2", "isDeleted:":"true", "version":"1700897767567"}}
{"logTime": "0115/133623", "correlationVector":"xUbWv2hD36ScC+aA8Jfhht.3","action":"GetUpdates", "result":"DeleteReceived", "context":{"id":"b4202984-eedc-45ba-889f-caaea71bc4d8", "isDeleted:":"true", "version":"1700897767568"}}
{"logTime": "0115/133623", "correlationVector":"xUbWv2hD36ScC+aA8Jfhht.4","action":"GetUpdates", "result":"DeleteReceived", "context":{"id":"62bf4405-95a0-4196-9959-a510636bd414", "isDeleted:":"true", "version":"1700897767569"}}
{"logTime": "0115/133623", "correlationVector":"xUbWv2hD36ScC+aA8Jfhht.5","action":"GetUpdates", "result":"DeleteReceived", "context":{"id":"862c8773-46e9-4725-9429-59ab74e7ef4d", "isDeleted:":"true", "version":"1700897767570"}}
{"logTime": "0115/133623", "correlationVector":"xUbWv2hD36ScC+aA8Jfhht.6","action":"GetUpdates", "result":"DeleteReceived", "context":{"id":"f29175b2-011b-4694-9c86-73bc8f917849", "isDeleted:":"true", "version":"1700897767571"}}
{"logTime": "0115/133623", "correlationVector":"xUbWv2hD36ScC+aA8Jfhht.7","action":"GetUpdates", "result":"DeleteReceived", "context":{"id":"8e3a86be-f5fa-4354-9224-d4ce2e828645", "isDeleted:":"true", "version":"1700897767572"}}
{"logTime": "0115/133623", "correlationVector":"xUbWv2hD36ScC+aA8Jfhht.8","action":"GetUpdates", "result":"DeleteReceived", "context":{"id":"32ff8c8f-af18-4cd0-a28e-842ddc336882", "isDeleted:":"true", "version":"1700897767575"}}
{"logTime": "0115/133623", "correlationVector":"xUbWv2hD36ScC+aA8Jfhht.9","action":"GetUpdates", "result":"DeleteReceived", "context":{"id":"942418b7-b781-497c-95f9-d50b2c888edf", "isDeleted:":"true", "version":"1700921500537"}}
{"logTime": "0115/133623", "correlationVector":"xUbWv2hD36ScC+aA8Jfhht.10","action":"GetUpdates", "result":"DeleteReceived", "context":{"id":"f4888e24-a1a8-4526-a075-663113439e10", "isDeleted:":"true", "version":"1700926494788"}}
{"logTime": "0115/133623", "correlationVector":"xUbWv2hD36ScC+aA8Jfhht.11","action":"GetUpdates", "result":"DeleteReceived", "context":{"id":"2c04c254-818f-4b17-b06e-21e43a8ab118", "isDeleted:":"true", "version":"1700926494792"}}
{"logTime": "0115/133623", "correlationVector":"xUbWv2hD36ScC+aA8Jfhht.12","action":"GetUpdates", "result":"DeleteReceived", "context":{"id":"46cd5c03-d7dd-48f4-bf19-dd4fe5525221", "isDeleted:":"true", "version":"1701070964784"}}
{"logTime": "0115/133623", "correlationVector":"xUbWv2hD36ScC+aA8Jfhht.13","action":"GetUpdates", "result":"DeleteReceived", "context":{"id":"d44a49ed-0ec8-4912-bbd5-2f847bc00101", "isDeleted:":"true", "version":"1701070964786"}}
{"logTime": "0115/133623", "correlationVector":"xUbWv2hD36ScC+aA8Jfhht.14","action":"GetUpdates", "result":"DeleteReceived", "context":{"id":"c5a5a813-58de-4d19-9091-dc818ecd286a", "isDeleted:":"true", "version":"1701070964787"}}
{"logTime": "0115/133623", "correlationVector":"xUbWv2hD36ScC+aA8Jfhht.15","action":"GetUpdates", "result":"DeleteReceived", "context":{"id":"63776f8d-a34a-40b3-964c-9e39f9bc99ee", "isDeleted:":"true", "version":"1701070964790"}}
{"logTime": "0115/133623", "correlationVector":"xUbWv2hD36ScC+aA8Jfhht.16","action":"GetUpdates", "result":"DeleteReceived", "context":{"id":"3e9ab36a-3fff-49df-a818-b319c655908a", "isDeleted:":"true", "version":"1701071256018"}}
{"logTime": "0115/133623", "correlationVector":"xUbWv2hD36ScC+aA8Jfhht.17","action":"GetUpdates", "result":"DeleteReceived", "context":{"id":"3f61b4a2-8f60-431d-8cb0-147b0c7274a0", "isDeleted:":"true", "version":"1701077216332"}}
{"logTime": "0115/133623", "correlationVector":"xUbWv2hD36ScC+aA8Jfhht.18","action":"GetUpdates", "result":"DeleteReceived", "context":{"id":"7ca30726-8143-4d34-82b5-961ac7ac0e6d", "isDeleted:":"true", "version":"1701087843148"}}
{"logTime": "0115/133623", "correlationVector":"xUbWv2hD36ScC+aA8Jfhht.19","action":"GetUpdates", "result":"DeleteReceived", "context":{"id":"7078b715-6b08-4d9e-9751-72fc46e80668", "isDeleted:":"true", "version":"1701259117839"}}
{"logTime": "0115/133623", "correlationVector":"xUbWv2hD36ScC+aA8Jfhht.20","action":"GetUpdates", "result":"DeleteReceived", "context":{"id":"20ea730c-bf9e-4b4f-858f-5a9c2a13de87", "isDeleted:":"true", "version":"1701259117840"}}
{"logTime": "0115/133623", "correlationVector":"xUbWv2hD36ScC+aA8Jfhht.21","action":"GetUpdates", "result":"DeleteReceived", "context":{"id":"1dc89e56-526d-4f30-9394-651208f738fe", "isDeleted:":"true", "version":"1701259117841"}}
{"logTime": "0115/133623", "correlationVector":"xUbWv2hD36ScC+aA8Jfhht.22","action":"GetUpdates", "result":"DeleteReceived", "context":{"id":"1bbde5ea-e7cc-4903-9d24-d2e532cbe3cb", "isDeleted:":"true", "version":"1701259117842"}}
{"logTime": "0115/133623", "correlationVector":"xUbWv2hD36ScC+aA8Jfhht.23","action":"GetUpdates", "result":"DeleteReceived", "context":{"id":"af7d5b4a-3429-47ac-b0ff-5123c033a48f", "isDeleted:":"true", "version":"1701259117843"}}
{"logTime": "0115/133623", "correlationVector":"xUbWv2hD36ScC+aA8Jfhht.24","action":"GetUpdates", "result":"DeleteReceived", "context":{"id":"52508e5f-6a83-4448-9a05-74162ce1c595", "isDeleted:":"true", "version":"1701344105985"}}
{"logTime": "0115/133623", "correlationVector":"xUbWv2hD36ScC+aA8Jfhht.25","action":"GetUpdates", "result":"DeleteReceived", "context":{"id":"b0859385-d357-4686-ab9a-9ecfcb983651", "isDeleted:":"true", "version":"1701344107192"}}
{"logTime": "0115/133623", "correlationVector":"xUbWv2hD36ScC+aA8Jfhht.26","action":"GetUpdates", "result":"DeleteReceived", "context":{"id":"f8cd78b3-3fe9-4619-be22-f5676142f94a", "isDeleted:":"true", "version":"1701436200391"}}
{"logTime": "0115/133623", "correlationVector":"xUbWv2hD36ScC+aA8Jfhht.27","action":"GetUpdates", "result":"DeleteReceived", "context":{"id":"77569e69-57a8-4637-870d-203b87a5f774", "isDeleted:":"true", "version":"1701436200392"}}
{"logTime": "0115/133623", "correlationVector":"xUbWv2hD36ScC+aA8Jfhht.28","action":"GetUpdates", "result":"DeleteReceived", "context":{"id":"a837960b-724d-4236-938d-8360e7cdc6d8", "isDeleted:":"true", "version":"1701436200393"}}
{"logTime": "0115/133623", "correlationVector":"xUbWv2hD36ScC+aA8Jfhht.29","action":"GetUpdates", "result":"DeleteReceived", "context":{"id":"35dff7f3-8fdd-48a8-83e4-7981315f2d4b", "isDeleted:":"true", "version":"1701436200394"}}
{"logTime": "0115/133623", "correlationVector":"xUbWv2hD36ScC+aA8Jfhht.30","action":"GetUpdates", "result":"DeleteReceived", "context":{"id":"2b36d74b-8d79-4047-bbb0-091ebb1b91b0", "isDeleted:":"true", "version":"1701436200395"}}
{"logTime": "0115/133623", "correlationVector":"xUbWv2hD36ScC+aA8Jfhht.31","action":"GetUpdates", "result":"DeleteReceived", "context":{"id":"e265b62e-ff6f-4012-8fd5-f1adc34f84e7", "isDeleted:":"true", "version":"1701436200396"}}
{"logTime": "0115/133623", "correlationVector":"xUbWv2hD36ScC+aA8Jfhht.32","action":"GetUpdates", "result":"DeleteReceived", "context":{"id":"d1962b73-d2b5-4c1b-93d1-7fa603ad4515", "isDeleted:":"true", "version":"1701436200398"}}
{"logTime": "0115/133623", "correlationVector":"xUbWv2hD36ScC+aA8Jfhht.33","action":"GetUpdates", "result":"DeleteReceived", "context":{"id":"080638db-4856-4a60-b910-ed9b0ee7a84e", "isDeleted:":"true", "version":"1701437134045"}}
{"logTime": "0115/133623", "correlationVector":"xUbWv2hD36ScC+aA8Jfhht.34","action":"GetUpdates", "result":"DeleteReceived", "context":{"id":"886417a3-be99-4b39-a83b-805348e3b684", "isDeleted:":"true", "version":"1701498213571"}}
{"logTime": "0115/133623", "correlationVector":"xUbWv2hD36ScC+aA8Jfhht.35","action":"GetUpdates", "result":"DeleteReceived", "context":{"id":"c388f8dd-c752-4772-96df-2a6f240f784b", "isDeleted:":"true", "version":"1701500504309"}}
{"logTime": "0115/133623", "correlationVector":"xUbWv2hD36ScC+aA8Jfhht.36","action":"GetUpdates", "result":"DeleteReceived", "context":{"id":"451d9aa1-6aa1-4f34-b551-bbb8ff307e78", "isDeleted:":"true", "version":"1701500504310"}}
{"logTime": "0115/133623", "correlationVector":"xUbWv2hD36ScC+aA8Jfhht.37","action":"GetUpdates", "result":"DeleteReceived", "context":{"id":"9cb8c990-2420-488e-b53b-72e9686fec82", "isDeleted:":"true", "version":"1701500504311"}}
{"logTime": "0115/133623", "correlationVector":"xUbWv2hD36ScC+aA8Jfhht.38","action":"GetUpdates", "result":"DeleteReceived", "context":{"id":"a03bce2e-5b5c-46e6-81c8-8c3664a29f9c", "isDeleted:":"true", "version":"1701500504312"}}
{"logTime": "0115/133623", "correlationVector":"xUbWv2hD36ScC+aA8Jfhht.39","action":"GetUpdates", "result":"DeleteReceived", "context":{"id":"71113e98-0155-4dc0-b256-2f03356c78a3", "isDeleted:":"true", "version":"1701500504314"}}
{"logTime": "0115/133623", "correlationVector":"xUbWv2hD36ScC+aA8Jfhht.40","action":"GetUpdates", "result":"DeleteReceived", "context":{"id":"e1137059-4363-4fdb-a2d5-33a5ef56380e", "isDeleted:":"true", "version":"1701511407413"}}
{"logTime": "0115/133623", "correlationVector":"xUbWv2hD36ScC+aA8Jfhht.41","action":"GetUpdates", "result":"DeleteReceived", "context":{"id":"64ce6de5-efda-4578-8472-46e2579b03f4", "isDeleted:":"true", "version":"1701515081963"}}
{"logTime": "0115/133623", "correlationVector":"xUbWv2hD36ScC+aA8Jfhht.42","action":"GetUpdates", "result":"DeleteReceived", "context":{"id":"b650d58c-4070-4de8-afe6-6e0b77794aef", "isDeleted:":"true", "version":"1701515081964"}}
{"logTime": "0115/133623", "correlationVector":"xUbWv2hD36ScC+aA8Jfhht.43","action":"GetUpdates", "result":"DeleteReceived", "context":{"id":"983875c9-9d4a-4cce-b905-dacecf690b04", "isDeleted:":"true", "version":"1701515081965"}}
{"logTime": "0115/133623", "correlationVector":"xUbWv2hD36ScC+aA8Jfhht.44","action":"GetUpdates", "result":"DeleteReceived", "context":{"id":"02ed5e5c-19b6-475a-afb7-85232b70522b", "isDeleted:":"true", "version":"1701515081966"}}
{"logTime": "0115/133623", "correlationVector":"xUbWv2hD36ScC+aA8Jfhht.45","action":"GetUpdates", "result":"DeleteReceived", "context":{"id":"db17fea2-68f1-4988-af8b-2a312df50dc3", "isDeleted:":"true", "version":"1701515081967"}}
{"logTime": "0115/133623", "correlationVector":"xUbWv2hD36ScC+aA8Jfhht.46","action":"GetUpdates", "result":"DeleteReceived", "context":{"id":"6c6badec-c489-4b42-85e9-ae583490cffd", "isDeleted:":"true", "version":"1701515081969"}}
{"logTime": "0115/133623", "correlationVector":"xUbWv2hD36ScC+aA8Jfhht.47","action":"GetUpdates", "result":"DeleteReceived", "context":{"id":"6216081b-3fb9-4829-89f3-950ab602717c", "isDeleted:":"true", "version":"1701518038760"}}
{"logTime": "0115/133623", "correlationVector":"xUbWv2hD36ScC+aA8Jfhht.48","action":"GetUpdates", "result":"DeleteReceived", "context":{"id":"ab85e934-48aa-4a77-9748-0bae7e55a3e9", "isDeleted:":"true", "version":"1701520180170"}}
{"logTime": "0115/133623", "correlationVector":"xUbWv2hD36ScC+aA8Jfhht.49","action":"GetUpdates", "result":"DeleteReceived", "context":{"id":"d39e0e6e-4c15-4e73-b775-69f6cc851ddb", "isDeleted:":"true", "version":"1701520180171"}}
{"logTime": "0115/133623", "correlationVector":"xUbWv2hD36ScC+aA8Jfhht.50","action":"GetUpdates", "result":"DeleteReceived", "context":{"id":"d78216a0-938c-4602-ad98-986181fc9791", "isDeleted:":"true", "version":"1701520190221"}}
{"logTime": "0115/133623", "correlationVector":"xUbWv2hD36ScC+aA8Jfhht.51","action":"GetUpdates", "result":"DeleteReceived", "context":{"id":"a17a2b4f-1ffa-4ffa-9c88-852297f48bdb", "isDeleted:":"true", "version":"1701522723381"}}
{"logTime": "0115/133623", "correlationVector":"xUbWv2hD36ScC+aA8Jfhht.52","action":"GetUpdates", "result":"DeleteReceived", "context":{"id":"b794c535-3ffd-4621-aa3a-a59cde732a03", "isDeleted:":"true", "version":"1701523603019"}}
{"logTime": "0115/133623", "correlationVector":"xUbWv2hD36ScC+aA8Jfhht.53","action":"GetUpdates", "result":"DeleteReceived", "context":{"id":"48040014-307b-447a-a9a9-5dbda9ef0c29", "isDeleted:":"true", "version":"1701588513989"}}
{"logTime": "0115/133623", "correlationVector":"xUbWv2hD36ScC+aA8Jfhht.54","action":"GetUpdates", "result":"DeleteReceived", "context":{"id":"a643b85e-23d9-46fc-83d3-bef994131c46", "isDeleted:":"true", "version":"1701588513992"}}
{"logTime": "0115/133623", "correlationVector":"xUbWv2hD36ScC+aA8Jfhht.55","action":"GetUpdates", "result":"DeleteReceived", "context":{"id":"c5016399-ff78-482b-a29c-1e7155012ec9", "isDeleted:":"true", "version":"1701591505705"}}
{"logTime": "0115/133623", "correlationVector":"xUbWv2hD36ScC+aA8Jfhht.56","action":"GetUpdates", "result":"DeleteReceived", "context":{"id":"62984a7c-229c-4a04-9686-e1dfb3012c95", "isDeleted:":"true", "version":"1701591505706"}}
{"logTime": "0115/133623", "correlationVector":"xUbWv2hD36ScC+aA8Jfhht.57","action":"GetUpdates", "result":"DeleteReceived", "context":{"id":"1f1e9ad0-6f25-44bf-a551-ae856b2d6e94", "isDeleted:":"true", "version":"1701591505707"}}
{"logTime": "0115/133623", "correlationVector":"xUbWv2hD36ScC+aA8Jfhht.58","action":"GetUpdates", "result":"DeleteReceived", "context":{"id":"d234d76b-17e6-43da-845c-4dacdae00ecd", "isDeleted:":"true", "version":"1701591505708"}}
{"logTime": "0115/133623", "correlationVector":"xUbWv2hD36ScC+aA8Jfhht.59","action":"GetUpdates", "result":"DeleteReceived", "context":{"id":"21a3319e-4d9e-4466-8989-3ddfd0b97a80", "isDeleted:":"true", "version":"1701591505710"}}
{"logTime": "0115/133623", "correlationVector":"xUbWv2hD36ScC+aA8Jfhht.60","action":"GetUpdates", "result":"DeleteReceived", "context":{"id":"075564ea-4cde-43ef-84bb-042afe943665", "isDeleted:":"true", "version":"1701591505712"}}
{"logTime": "0115/133623", "correlationVector":"xUbWv2hD36ScC+aA8Jfhht.61","action":"GetUpdates", "result":"DeleteReceived", "context":{"id":"4a456319-9467-4d47-9bdb-7c282c53eeee", "isDeleted:":"true", "version":"1701592343725"}}
{"logTime": "0115/133623", "correlationVector":"xUbWv2hD36ScC+aA8Jfhht.62","action":"GetUpdates", "result":"DeleteReceived", "context":{"id":"ac7763d2-4561-4935-82c4-65f1c5f6bbd2", "isDeleted:":"true", "version":"1701592907520"}}
{"logTime": "0115/133623", "correlationVector":"xUbWv2hD36ScC+aA8Jfhht.63","action":"GetUpdates", "result":"DeleteReceived", "context":{"id":"ceb5943c-c6a4-4a36-a7e0-477806c3e944", "isDeleted:":"true", "version":"1701593047826"}}
{"logTime": "0115/133623", "correlationVector":"xUbWv2hD36ScC+aA8Jfhht.64","action":"GetUpdates", "result":"DeleteReceived", "context":{"id":"7caad37f-3f4f-48fd-b01c-cef90942184c", "isDeleted:":"true", "version":"1701602408163"}}
{"logTime": "0115/133623", "correlationVector":"xUbWv2hD36ScC+aA8Jfhht.65","action":"GetUpdates", "result":"DeleteReceived", "context":{"id":"93798194-ce27-40f3-9c28-abd78b2a73fd", "isDeleted:":"true", "version":"1701602569720"}}
{"logTime": "0115/133623", "correlationVector":"xUbWv2hD36ScC+aA8Jfhht.66","action":"GetUpdates", "result":"DeleteReceived", "context":{"id":"5ac2d19e-72ef-4254-b086-ef78cd01e1a7", "isDeleted:":"true", "version":"1701605022032"}}
{"logTime": "0115/133623", "correlationVector":"xUbWv2hD36ScC+aA8Jfhht.67","action":"GetUpdates", "result":"DeleteReceived", "context":{"id":"4171a0ae-f60e-401e-9eb1-18f94447d70a", "isDeleted:":"true", "version":"1701605022033"}}
{"logTime": "0115/133623", "correlationVector":"xUbWv2hD36ScC+aA8Jfhht.68","action":"GetUpdates", "result":"DeleteReceived", "context":{"id":"a26f489a-2d2b-494f-a155-f73f8f76ca4b", "isDeleted:":"true", "version":"1701605022034"}}
{"logTime": "0115/133623", "correlationVector":"xUbWv2hD36ScC+aA8Jfhht.69","action":"GetUpdates", "result":"DeleteReceived", "context":{"id":"7a4ca63f-87b2-4d19-85b4-9a382777c9a4", "isDeleted:":"true", "version":"1701609300053"}}
{"logTime": "0115/133623", "correlationVector":"xUbWv2hD36ScC+aA8Jfhht.70","action":"GetUpdates", "result":"DeleteReceived", "context":{"id":"516219a7-cd1f-4c0c-a114-c4161fd1a891", "isDeleted:":"true", "version":"1701609300056"}}
{"logTime": "0115/133623", "correlationVector":"xUbWv2hD36ScC+aA8Jfhht.71","action":"GetUpdates", "result":"DeleteReceived", "context":{"id":"75faac88-b64b-41e7-bc44-e5e5077ee1ab", "isDeleted:":"true", "version":"1701609300057"}}
{"logTime": "0115/133623", "correlationVector":"xUbWv2hD36ScC+aA8Jfhht.72","action":"GetUpdates", "result":"DeleteReceived", "context":{"id":"48db697a-87b5-4579-9118-ea234b562a86", "isDeleted:":"true", "version":"1701609300059"}}
{"logTime": "0115/133623", "correlationVector":"xUbWv2hD36ScC+aA8Jfhht.73","action":"GetUpdates", "result":"DeleteReceived", "context":{"id":"bf36db09-8853-41c1-b6c6-03b2fab7ecc1", "isDeleted:":"true", "version":"1701616004991"}}
{"logTime": "0115/133623", "correlationVector":"xUbWv2hD36ScC+aA8Jfhht.74","action":"GetUpdates", "result":"DeleteReceived", "context":{"id":"ec585c8e-f523-4b0c-b55a-f65e3f003af2", "isDeleted:":"true", "version":"1701657297528"}}
{"logTime": "0115/133623", "correlationVector":"xUbWv2hD36ScC+aA8Jfhht.75","action":"GetUpdates", "result":"DeleteReceived", "context":{"id":"abd781b8-1a53-47ef-b68e-26edd117d84d", "isDeleted:":"true", "version":"1701661522856"}}
{"logTime": "0115/133623", "correlationVector":"xUbWv2hD36ScC+aA8Jfhht.76","action":"GetUpdates", "result":"DeleteReceived", "context":{"id":"f935cb8c-8026-4ee6-9cc8-0cf232aa9efa", "isDeleted:":"true", "version":"1701670332581"}}
{"logTime": "0115/133623", "correlationVector":"xUbWv2hD36ScC+aA8Jfhht.77","action":"GetUpdates", "result":"DeleteReceived", "context":{"id":"b262ce4c-f0c5-46bb-a932-5606a5e7b119", "isDeleted:":"true", "version":"1701670332582"}}
{"logTime": "0115/133623", "correlationVector":"xUbWv2hD36ScC+aA8Jfhht.78","action":"GetUpdates", "result":"DeleteReceived", "context":{"id":"be214102-1431-477f-984d-b491bd8fefd5", "isDeleted:":"true", "version":"1701670332584"}}
{"logTime": "0115/133623", "correlationVector":"xUbWv2hD36ScC+aA8Jfhht.79","action":"GetUpdates", "result":"DeleteReceived", "context":{"id":"5e45ecf0-8266-4981-83ed-03e060d72f73", "isDeleted:":"true", "version":"1701778237880"}}
{"logTime": "0115/133623", "correlationVector":"xUbWv2hD36ScC+aA8Jfhht.80","action":"GetUpdates", "result":"DeleteReceived", "context":{"id":"8f9d1894-44a8-47e7-9a3a-3c45d8dec5c5", "isDeleted:":"true", "version":"1701778237882"}}
{"logTime": "0115/133623", "correlationVector":"xUbWv2hD36ScC+aA8Jfhht.81","action":"GetUpdates", "result":"DeleteReceived", "context":{"id":"a349a844-8c01-4637-bd21-779964aff83d", "isDeleted:":"true", "version":"1701778237883"}}
{"logTime": "0115/133623", "correlationVector":"xUbWv2hD36ScC+aA8Jfhht.82","action":"GetUpdates", "result":"DeleteReceived", "context":{"id":"15648879-9387-400d-8ad1-fe0d77fed989", "isDeleted:":"true", "version":"1701778237884"}}
{"logTime": "0115/133623", "correlationVector":"xUbWv2hD36ScC+aA8Jfhht.83","action":"GetUpdates", "result":"DeleteReceived", "context":{"id":"aee37ead-9720-48bb-b45f-3bdf782f601f", "isDeleted:":"true", "version":"1701778237885"}}
{"logTime": "0115/133623", "correlationVector":"xUbWv2hD36ScC+aA8Jfhht.84","action":"GetUpdates", "result":"DeleteReceived", "context":{"id":"f53df7f1-70d3-4d18-9f26-fdd6ef073b16", "isDeleted:":"true", "version":"1701778237886"}}
{"logTime": "0115/133623", "correlationVector":"xUbWv2hD36ScC+aA8Jfhht.85","action":"GetUpdates", "result":"DeleteReceived", "context":{"id":"8d846a4d-258a-4f74-89c3-8557b6feb09f", "isDeleted:":"true", "version":"1701778237888"}}
{"logTime": "0115/133623", "correlationVector":"xUbWv2hD36ScC+aA8Jfhht.86","action":"GetUpdates", "result":"DeleteReceived", "context":{"id":"501f2b80-2344-4be4-a555-2b38ea6d2aaf", "isDeleted:":"true", "version":"1702107072209"}}
{"logTime": "0115/133623", "correlationVector":"xUbWv2hD36ScC+aA8Jfhht.87","action":"GetUpdates", "result":"DeleteReceived", "context":{"id":"58148dc9-e6d7-4e31-b1c7-609c7b3a8488", "isDeleted:":"true", "version":"1702107072210"}}
{"logTime": "0115/133623", "correlationVector":"xUbWv2hD36ScC+aA8Jfhht.88","action":"GetUpdates", "result":"DeleteReceived", "context":{"id":"d1e96b86-452d-47c2-9e7f-8e01144efb04", "isDeleted:":"true", "version":"1702107072211"}}
{"logTime": "0115/133623", "correlationVector":"xUbWv2hD36ScC+aA8Jfhht.89","action":"GetUpdates", "result":"DeleteReceived", "context":{"id":"884566d9-a035-4665-88cc-e7b9c4b5cfbe", "isDeleted:":"true", "version":"1702107072213"}}
{"logTime": "0115/133623", "correlationVector":"xUbWv2hD36ScC+aA8Jfhht.90","action":"GetUpdates", "result":"DeleteReceived", "context":{"id":"ebe091a2-b27d-4670-b82f-6c4cd4fd1616", "isDeleted:":"true", "version":"1702107072215"}}
{"logTime": "0115/133623", "correlationVector":"xUbWv2hD36ScC+aA8Jfhht.91","action":"GetUpdates", "result":"DeleteReceived", "context":{"id":"c9253e0b-fabb-4c7c-be2e-444d641332da", "isDeleted:":"true", "version":"1702107084621"}}
{"logTime": "0115/133623", "correlationVector":"xUbWv2hD36ScC+aA8Jfhht.92","action":"GetUpdates", "result":"DeleteReceived", "context":{"id":"126ac00f-8790-4129-a965-a3b99df80e71", "isDeleted:":"true", "version":"1702367351307"}}
{"logTime": "0115/133623", "correlationVector":"xUbWv2hD36ScC+aA8Jfhht.93","action":"GetUpdates", "result":"DeleteReceived", "context":{"id":"7326696f-5e49-48bc-81b1-35a990a1ff39", "isDeleted:":"true", "version":"1702367351309"}}
{"logTime": "0115/133623", "correlationVector":"xUbWv2hD36ScC+aA8Jfhht.94","action":"GetUpdates", "result":"DeleteReceived", "context":{"id":"bc15cb1e-90db-4d67-bd9c-1d3e97bce7db", "isDeleted:":"true", "version":"1702367422390"}}
{"logTime": "0115/133623", "correlationVector":"xUbWv2hD36ScC+aA8Jfhht.95","action":"GetUpdates", "result":"DeleteReceived", "context":{"id":"998f0027-1975-491b-8aaa-09dac8cbb50a", "isDeleted:":"true", "version":"1702382077913"}}
{"logTime": "0115/133623", "correlationVector":"xUbWv2hD36ScC+aA8Jfhht.96","action":"GetUpdates", "result":"DeleteReceived", "context":{"id":"732aac8b-0b7e-4a58-b27f-b0cb179cfc4b", "isDeleted:":"true", "version":"1702389745448"}}
{"logTime": "0115/133623", "correlationVector":"xUbWv2hD36ScC+aA8Jfhht.97","action":"GetUpdates", "result":"DeleteReceived", "context":{"id":"8a7088e3-62b5-42ee-8c72-af30fa4638f9", "isDeleted:":"true", "version":"1702391259084"}}
{"logTime": "0115/133623", "correlationVector":"xUbWv2hD36ScC+aA8Jfhht.98","action":"GetUpdates", "result":"DeleteReceived", "context":{"id":"40a3ee31-cf00-42c0-98f0-007fb61a5a9a", "isDeleted:":"true", "version":"1702391259085"}}
{"logTime": "0115/133623", "correlationVector":"xUbWv2hD36ScC+aA8Jfhht.99","action":"GetUpdates", "result":"DeleteReceived", "context":{"id":"638483f4-38e4-4553-9324-7d46682de580", "isDeleted:":"true", "version":"1702391259087"}}
{"logTime": "0115/133623", "correlationVector":"xUbWv2hD36ScC+aA8Jfhht.100","action":"GetUpdates", "result":"DeleteReceived", "context":{"id":"cfcd1d05-c3da-4b74-aee5-f03f600a4f23", "isDeleted:":"true", "version":"1702391259088"}}
{"logTime": "0115/133623", "correlationVector":"xUbWv2hD36ScC+aA8Jfhht.101","action":"GetUpdates", "result":"DeleteReceived", "context":{"id":"012ba81f-056d-47fc-8f36-8569fec27669", "isDeleted:":"true", "version":"1702391259089"}}
{"logTime": "0115/133623", "correlationVector":"xUbWv2hD36ScC+aA8Jfhht.102","action":"GetUpdates", "result":"DeleteReceived", "context":{"id":"c1e2723f-817b-458b-858f-c195a864b013", "isDeleted:":"true", "version":"1702391259090"}}
{"logTime": "0115/133623", "correlationVector":"xUbWv2hD36ScC+aA8Jfhht.103","action":"GetUpdates", "result":"DeleteReceived", "context":{"id":"029c6faa-83bb-48c9-ba34-b17cdf1822e2", "isDeleted:":"true", "version":"1702391259092"}}
{"logTime": "0115/133623", "correlationVector":"xUbWv2hD36ScC+aA8Jfhht.104","action":"GetUpdates", "result":"DeleteReceived", "context":{"id":"2f1c8b79-076a-4874-a187-14197e1e62c4", "isDeleted:":"true", "version":"1702391259093"}}
{"logTime": "0115/133623", "correlationVector":"xUbWv2hD36ScC+aA8Jfhht.105","action":"GetUpdates", "result":"DeleteReceived", "context":{"id":"9bbdd53e-547c-445e-aa1f-58a3b37bcd43", "isDeleted:":"true", "version":"1702391259095"}}
{"logTime": "0115/133623", "correlationVector":"xUbWv2hD36ScC+aA8Jfhht.106","action":"GetUpdates", "result":"DeleteReceived", "context":{"id":"bd10d49c-935e-4480-8c6f-2f065962968e", "isDeleted:":"true", "version":"1702391259096"}}
{"logTime": "0115/133623", "correlationVector":"xUbWv2hD36ScC+aA8Jfhht.107","action":"GetUpdates", "result":"DeleteReceived", "context":{"id":"8bb00bb1-5df3-416f-9145-8fb15963b1e6", "isDeleted:":"true", "version":"1702391259097"}}
{"logTime": "0115/133623", "correlationVector":"xUbWv2hD36ScC+aA8Jfhht.108","action":"GetUpdates", "result":"DeleteReceived", "context":{"id":"de55a0fd-c921-4b69-9145-fab685eb5695", "isDeleted:":"true", "version":"1702391602965"}}
{"logTime": "0115/133623", "correlationVector":"xUbWv2hD36ScC+aA8Jfhht.109","action":"GetUpdates", "result":"DeleteReceived", "context":{"id":"5c671d64-6b42-4c2c-856a-fe9798d2c33b", "isDeleted:":"true", "version":"1702692238730"}}
{"logTime": "0115/133623", "correlationVector":"xUbWv2hD36ScC+aA8Jfhht.110","action":"GetUpdates", "result":"DeleteReceived", "context":{"id":"a8576705-aa16-40bc-9177-3352218407bc", "isDeleted:":"true", "version":"1702711410668"}}
{"logTime": "0115/133623", "correlationVector":"xUbWv2hD36ScC+aA8Jfhht.111","action":"GetUpdates", "result":"DeleteReceived", "context":{"id":"ea6ef51a-208e-44a3-a02a-cfb1923ef8cf", "isDeleted:":"true", "version":"1702711432787"}}
{"logTime": "0115/133623", "correlationVector":"xUbWv2hD36ScC+aA8Jfhht.112","action":"GetUpdates", "result":"DeleteReceived", "context":{"id":"f77f7581-6523-41db-8f6d-2c35354753cf", "isDeleted:":"true", "version":"1702711432790"}}
{"logTime": "0115/133623", "correlationVector":"xUbWv2hD36ScC+aA8Jfhht.113","action":"GetUpdates", "result":"DeleteReceived", "context":{"id":"d6a5a969-0118-41f2-b45c-da39a1698c03", "isDeleted:":"true", "version":"1702835853049"}}
{"logTime": "0115/133623", "correlationVector":"xUbWv2hD36ScC+aA8Jfhht.114","action":"GetUpdates", "result":"DeleteReceived", "context":{"id":"a592bc5c-9386-4b29-8eaf-28263b651a82", "isDeleted:":"true", "version":"1702836092455"}}
{"logTime": "0115/133623", "correlationVector":"xUbWv2hD36ScC+aA8Jfhht.115","action":"GetUpdates", "result":"DeleteReceived", "context":{"id":"7b39ed83-cfb2-4e60-9ec2-5b314243fe58", "isDeleted:":"true", "version":"1702836092457"}}
{"logTime": "0115/133623", "correlationVector":"xUbWv2hD36ScC+aA8Jfhht.116","action":"GetUpdates", "result":"DeleteReceived", "context":{"id":"307803a6-2769-4b5c-8972-bf96b03d31e7", "isDeleted:":"true", "version":"1702837960211"}}
{"logTime": "0115/133623", "correlationVector":"xUbWv2hD36ScC+aA8Jfhht.117","action":"GetUpdates", "result":"DeleteReceived", "context":{"id":"ad40186f-cfef-4890-a3f1-a29c82bcd21c", "isDeleted:":"true", "version":"1702837971625"}}
{"logTime": "0115/133623", "correlationVector":"xUbWv2hD36ScC+aA8Jfhht.118","action":"GetUpdates", "result":"DeleteReceived", "context":{"id":"a9c632e6-d1ba-4b92-b2ab-5a758e14f123", "isDeleted:":"true", "version":"1702837971626"}}
{"logTime": "0115/133623", "correlationVector":"xUbWv2hD36ScC+aA8Jfhht.119","action":"GetUpdates", "result":"DeleteReceived", "context":{"id":"c6ea2a4b-f3e7-42f9-ae0a-54782e1ca741", "isDeleted:":"true", "version":"1702837971629"}}
{"logTime": "0115/133623", "correlationVector":"xUbWv2hD36ScC+aA8Jfhht.120","action":"GetUpdates", "result":"DeleteReceived", "context":{"id":"72f3e5f7-3721-4366-bac4-58d8582462dd", "isDeleted:":"true", "version":"1702838099907"}}
{"logTime": "0115/133623", "correlationVector":"xUbWv2hD36ScC+aA8Jfhht.121","action":"GetUpdates", "result":"DeleteReceived", "context":{"id":"d2354e52-7104-41f1-8681-03d087ab682e", "isDeleted:":"true", "version":"1702864807910"}}
{"logTime": "0115/133623", "correlationVector":"xUbWv2hD36ScC+aA8Jfhht.122","action":"GetUpdates", "result":"DeleteReceived", "context":{"id":"42326232-8a62-4b30-9f5d-65c166096435", "isDeleted:":"true", "version":"1702864807911"}}
{"logTime": "0115/133623", "correlationVector":"xUbWv2hD36ScC+aA8Jfhht.123","action":"GetUpdates", "result":"DeleteReceived", "context":{"id":"3ece7190-c6f8-4288-b847-26ada1792d70", "isDeleted:":"true", "version":"1702864807912"}}
{"logTime": "0115/133623", "correlationVector":"xUbWv2hD36ScC+aA8Jfhht.124","action":"GetUpdates", "result":"DeleteReceived", "context":{"id":"303fa3fb-7c3e-4e24-8654-98fcc38ae4f3", "isDeleted:":"true", "version":"1702864807914"}}
{"logTime": "0115/133623", "correlationVector":"xUbWv2hD36ScC+aA8Jfhht.125","action":"GetUpdates", "result":"DeleteReceived", "context":{"id":"6e23fdf0-6a90-49b7-8589-06a0cd4fdd57", "isDeleted:":"true", "version":"1703224234706"}}
{"logTime": "0115/133623", "correlationVector":"xUbWv2hD36ScC+aA8Jfhht.126","action":"GetUpdates", "result":"DeleteReceived", "context":{"id":"477d930a-2726-427b-8c23-119e5d814886", "isDeleted:":"true", "version":"1703224234708"}}
{"logTime": "0115/133623", "correlationVector":"xUbWv2hD36ScC+aA8Jfhht.127","action":"GetUpdates", "result":"DeleteReceived", "context":{"id":"b4538e88-f78e-4828-9589-505a0f0a5783", "isDeleted:":"true", "version":"1703224234709"}}
{"logTime": "0115/133623", "correlationVector":"xUbWv2hD36ScC+aA8Jfhht.128","action":"GetUpdates", "result":"DeleteReceived", "context":{"id":"8c3db29b-205d-49cc-a0f1-bb7b469059c6", "isDeleted:":"true", "version":"1703224234711"}}
{"logTime": "0115/133623", "correlationVector":"xUbWv2hD36ScC+aA8Jfhht.129","action":"GetUpdates", "result":"DeleteReceived", "context":{"id":"ab5c560e-3c88-4256-8b53-5b9d440bb3ae", "isDeleted:":"true", "version":"1703337135057"}}
{"logTime": "0115/133623", "correlationVector":"xUbWv2hD36ScC+aA8Jfhht.130","action":"GetUpdates", "result":"DeleteReceived", "context":{"id":"59ac7993-8cfb-48b2-a577-437a4060de2d", "isDeleted:":"true", "version":"1703337864468"}}
{"logTime": "0115/133623", "correlationVector":"xUbWv2hD36ScC+aA8Jfhht.131","action":"GetUpdates", "result":"DeleteReceived", "context":{"id":"7ec9e8a0-009b-4cb4-a397-c8ad2b56a3df", "isDeleted:":"true", "version":"1703339280757"}}
{"logTime": "0115/133623", "correlationVector":"xUbWv2hD36ScC+aA8Jfhht.132","action":"GetUpdates", "result":"DeleteReceived", "context":{"id":"222342b7-fb05-4717-a3b8-39c6a27272bd", "isDeleted:":"true", "version":"1703341157813"}}
{"logTime": "0115/133623", "correlationVector":"xUbWv2hD36ScC+aA8Jfhht.133","action":"GetUpdates", "result":"DeleteReceived", "context":{"id":"767fbfd3-9331-41d7-b342-6921b69c063b", "isDeleted:":"true", "version":"1703343840411"}}
{"logTime": "0115/133623", "correlationVector":"xUbWv2hD36ScC+aA8Jfhht.134","action":"GetUpdates", "result":"DeleteReceived", "context":{"id":"0468b34e-ce1d-44a9-9b8b-f0b93bb8a3f7", "isDeleted:":"true", "version":"1703347068752"}}
{"logTime": "0115/133623", "correlationVector":"xUbWv2hD36ScC+aA8Jfhht.135","action":"GetUpdates", "result":"DeleteReceived", "context":{"id":"5ffbc275-7bfc-4600-8eb8-fb12a764c8be", "isDeleted:":"true", "version":"1703347068753"}}
{"logTime": "0115/133623", "correlationVector":"xUbWv2hD36ScC+aA8Jfhht.136","action":"GetUpdates", "result":"DeleteReceived", "context":{"id":"c5c71649-4ce1-42eb-bdab-e769aee5e586", "isDeleted:":"true", "version":"1703347068754"}}
{"logTime": "0115/133623", "correlationVector":"xUbWv2hD36ScC+aA8Jfhht.137","action":"GetUpdates", "result":"DeleteReceived", "context":{"id":"5c85e090-b0c2-4658-9144-a50309bd1745", "isDeleted:":"true", "version":"1703347068755"}}
{"logTime": "0115/133623", "correlationVector":"xUbWv2hD36ScC+aA8Jfhht.138","action":"GetUpdates", "result":"DeleteReceived", "context":{"id":"4c25f11d-df07-4d38-92fd-7be87b49ca1d", "isDeleted:":"true", "version":"1703347068756"}}
{"logTime": "0115/133623", "correlationVector":"xUbWv2hD36ScC+aA8Jfhht.139","action":"GetUpdates", "result":"DeleteReceived", "context":{"id":"77e8013d-b870-4db6-9162-360daae22294", "isDeleted:":"true", "version":"1703347068757"}}
{"logTime": "0115/133623", "correlationVector":"xUbWv2hD36ScC+aA8Jfhht.140","action":"GetUpdates", "result":"DeleteReceived", "context":{"id":"0f5460f1-0cb7-405b-b696-7e5f4ed2cbd1", "isDeleted:":"true", "version":"1703347068759"}}
{"logTime": "0115/133623", "correlationVector":"xUbWv2hD36ScC+aA8Jfhht.141","action":"GetUpdates", "result":"DeleteReceived", "context":{"id":"75bcbf9d-4111-417b-ae5d-87354f6a18f7", "isDeleted:":"true", "version":"1703347992167"}}
{"logTime": "0115/133623", "correlationVector":"xUbWv2hD36ScC+aA8Jfhht.142","action":"GetUpdates", "result":"DeleteReceived", "context":{"id":"6f467662-63e5-497d-ae10-83fe6dfdc115", "isDeleted:":"true", "version":"1703347992168"}}
{"logTime": "0115/133623", "correlationVector":"xUbWv2hD36ScC+aA8Jfhht.143","action":"GetUpdates", "result":"DeleteReceived", "context":{"id":"889677f0-2874-454e-b249-8098e09535bb", "isDeleted:":"true", "version":"1703347992169"}}
{"logTime": "0115/133623", "correlationVector":"xUbWv2hD36ScC+aA8Jfhht.144","action":"GetUpdates", "result":"DeleteReceived", "context":{"id":"eb49829a-9c95-4cc8-ac3e-bf07bd8fc348", "isDeleted:":"true", "version":"1703347992170"}}
{"logTime": "0115/133623", "correlationVector":"xUbWv2hD36ScC+aA8Jfhht.145","action":"GetUpdates", "result":"DeleteReceived", "context":{"id":"e85d8075-1cae-430a-82ae-fe9137797add", "isDeleted:":"true", "version":"1703347992171"}}
{"logTime": "0115/133623", "correlationVector":"xUbWv2hD36ScC+aA8Jfhht.146","action":"GetUpdates", "result":"DeleteReceived", "context":{"id":"83f8c13f-f0f5-4b5a-bee3-c0e1587e91f9", "isDeleted:":"true", "version":"1703478100374"}}
{"logTime": "0115/133623", "correlationVector":"xUbWv2hD36ScC+aA8Jfhht.147","action":"GetUpdates", "result":"DeleteReceived", "context":{"id":"ed5733c2-500e-43fc-a48b-202b1fec1ec8", "isDeleted:":"true", "version":"1703479423266"}}
{"logTime": "0115/133623", "correlationVector":"xUbWv2hD36ScC+aA8Jfhht.148","action":"GetUpdates", "result":"DeleteReceived", "context":{"id":"94918e09-cda0-4a55-8ca0-b8c72f276191", "isDeleted:":"true", "version":"1703484667976"}}
{"logTime": "0115/133623", "correlationVector":"xUbWv2hD36ScC+aA8Jfhht.149","action":"GetUpdates", "result":"DeleteReceived", "context":{"id":"deb13bd3-8c3d-450e-bbb3-9b859b195d14", "isDeleted:":"true", "version":"1703485958280"}}
{"logTime": "0115/133623", "correlationVector":"xUbWv2hD36ScC+aA8Jfhht.150","action":"GetUpdates", "result":"DeleteReceived", "context":{"id":"123c47ea-2fc1-462f-a480-0e3b18688149", "isDeleted:":"true", "version":"1703485958284"}}
{"logTime": "0115/133623", "correlationVector":"xUbWv2hD36ScC+aA8Jfhht.151","action":"GetUpdates", "result":"DeleteReceived", "context":{"id":"3dff99db-7e52-44cf-8f62-c1cfb8ddcc70", "isDeleted:":"true", "version":"1703492238703"}}
{"logTime": "0115/133623", "correlationVector":"xUbWv2hD36ScC+aA8Jfhht.152","action":"GetUpdates", "result":"DeleteReceived", "context":{"id":"88f19e51-9eb9-4f47-afc1-ebf561e17f8b", "isDeleted:":"true", "version":"1703492238704"}}
{"logTime": "0115/133623", "correlationVector":"xUbWv2hD36ScC+aA8Jfhht.153","action":"GetUpdates", "result":"DeleteReceived", "context":{"id":"6fac7ad5-c932-49f5-ae95-7fead992ead4", "isDeleted:":"true", "version":"1703508271287"}}
{"logTime": "0115/133623", "correlationVector":"xUbWv2hD36ScC+aA8Jfhht.154","action":"GetUpdates", "result":"DeleteReceived", "context":{"id":"14704540-7604-41e6-9e14-59a4c9f6bb36", "isDeleted:":"true", "version":"1703528832839"}}
{"logTime": "0115/133623", "correlationVector":"xUbWv2hD36ScC+aA8Jfhht.155","action":"GetUpdates", "result":"DeleteReceived", "context":{"id":"bb839b44-54a6-4e51-af26-1a0ed37c049f", "isDeleted:":"true", "version":"1703528832840"}}
{"logTime": "0115/133623", "correlationVector":"xUbWv2hD36ScC+aA8Jfhht.156","action":"GetUpdates", "result":"DeleteReceived", "context":{"id":"34105fca-1cf8-46a8-a9a7-d2d555d5f3e7", "isDeleted:":"true", "version":"1703528832841"}}
{"logTime": "0115/133623", "correlationVector":"xUbWv2hD36ScC+aA8Jfhht.157","action":"GetUpdates", "result":"DeleteReceived", "context":{"id":"b919b912-8e05-4267-a302-78f7d225d5f8", "isDeleted:":"true", "version":"1703528832842"}}
{"logTime": "0115/133623", "correlationVector":"xUbWv2hD36ScC+aA8Jfhht.158","action":"GetUpdates", "result":"DeleteReceived", "context":{"id":"9e98370f-d40d-4140-9d0d-85c1c5cb79c4", "isDeleted:":"true", "version":"1703528832843"}}
{"logTime": "0115/133623", "correlationVector":"xUbWv2hD36ScC+aA8Jfhht.159","action":"GetUpdates", "result":"DeleteReceived", "context":{"id":"15e00c31-5586-4eec-8343-68dc042e9e63", "isDeleted:":"true", "version":"1703528832844"}}
{"logTime": "0115/133623", "correlationVector":"xUbWv2hD36ScC+aA8Jfhht.160","action":"GetUpdates", "result":"DeleteReceived", "context":{"id":"7d7d855d-6abf-4e54-906a-7411d895500b", "isDeleted:":"true", "version":"1703528832846"}}
{"logTime": "0115/133623", "correlationVector":"xUbWv2hD36ScC+aA8Jfhht.161","action":"GetUpdates", "result":"DeleteReceived", "context":{"id":"fa7cebd7-26dd-47c3-af91-7371f0aabb74", "isDeleted:":"true", "version":"1703545169360"}}
{"logTime": "0115/133623", "correlationVector":"xUbWv2hD36ScC+aA8Jfhht.162","action":"GetUpdates", "result":"DeleteReceived", "context":{"id":"012f54c3-3a66-4ec0-9f8e-ec159108455a", "isDeleted:":"true", "version":"1703578017292"}}
{"logTime": "0115/133623", "correlationVector":"xUbWv2hD36ScC+aA8Jfhht.163","action":"GetUpdates", "result":"DeleteReceived", "context":{"id":"4ed2dabf-cf28-405a-9b9a-02f76558a5ac", "isDeleted:":"true", "version":"1703578281201"}}
{"logTime": "0115/133623", "correlationVector":"xUbWv2hD36ScC+aA8Jfhht.164","action":"GetUpdates", "result":"DeleteReceived", "context":{"id":"eaab04ec-7183-415b-b730-263a1ab529f9", "isDeleted:":"true", "version":"1703578281202"}}
{"logTime": "0115/133623", "correlationVector":"xUbWv2hD36ScC+aA8Jfhht.165","action":"GetUpdates", "result":"DeleteReceived", "context":{"id":"df39a79a-2ced-46de-8174-70d6ca28218f", "isDeleted:":"true", "version":"1703586862875"}}
{"logTime": "0115/133623", "correlationVector":"xUbWv2hD36ScC+aA8Jfhht.166","action":"GetUpdates", "result":"DeleteReceived", "context":{"id":"ae3de254-5899-4b08-b09e-4e60cc5cca8b", "isDeleted:":"true", "version":"1703587517500"}}
{"logTime": "0115/133623", "correlationVector":"xUbWv2hD36ScC+aA8Jfhht.167","action":"GetUpdates", "result":"DeleteReceived", "context":{"id":"ff070672-aacb-41cb-86ef-5111ac50e9ab", "isDeleted:":"true", "version":"1703588807703"}}
{"logTime": "0115/133623", "correlationVector":"xUbWv2hD36ScC+aA8Jfhht.168","action":"GetUpdates", "result":"DeleteReceived", "context":{"id":"f3547eda-5d07-43b4-baa2-52341f6352e9", "isDeleted:":"true", "version":"1703591431454"}}
{"logTime": "0115/133623", "correlationVector":"xUbWv2hD36ScC+aA8Jfhht.169","action":"GetUpdates", "result":"DeleteReceived", "context":{"id":"0ed7eab3-bd2d-4831-aa4c-2a1106658e82", "isDeleted:":"true", "version":"1703591431456"}}
{"logTime": "0115/133623", "correlationVector":"xUbWv2hD36ScC+aA8Jfhht.170","action":"GetUpdates", "result":"DeleteReceived", "context":{"id":"9d045b5d-dde6-4d41-8e84-6ed8a359bfc1", "isDeleted:":"true", "version":"1703594589513"}}
{"logTime": "0115/133623", "correlationVector":"xUbWv2hD36ScC+aA8Jfhht.171","action":"GetUpdates", "result":"DeleteReceived", "context":{"id":"ba8805b0-df59-4b51-840b-2f005912e10f", "isDeleted:":"true", "version":"1703594872927"}}
{"logTime": "0115/133623", "correlationVector":"xUbWv2hD36ScC+aA8Jfhht.172","action":"GetUpdates", "result":"DeleteReceived", "context":{"id":"eef00d2c-bf21-4e16-ae4e-b9a845038fa1", "isDeleted:":"true", "version":"1703595684297"}}
{"logTime": "0115/133623", "correlationVector":"xUbWv2hD36ScC+aA8Jfhht.173","action":"GetUpdates", "result":"DeleteReceived", "context":{"id":"a788b6bc-1abc-434d-b415-332af97565f9", "isDeleted:":"true", "version":"1703597784806"}}
{"logTime": "0115/133623", "correlationVector":"xUbWv2hD36ScC+aA8Jfhht.174","action":"GetUpdates", "result":"DeleteReceived", "context":{"id":"ed18a014-ea16-4191-83f0-f6cf0004b9ec", "isDeleted:":"true", "version":"1703602157105"}}
{"logTime": "0115/133623", "correlationVector":"xUbWv2hD36ScC+aA8Jfhht.175","action":"GetUpdates", "result":"DeleteReceived", "context":{"id":"5d0cd506-31a5-4e65-946a-69f369b79fa3", "isDeleted:":"true", "version":"1703602157107"}}
{"logTime": "0115/133623", "correlationVector":"xUbWv2hD36ScC+aA8Jfhht.176","action":"GetUpdates", "result":"DeleteReceived", "context":{"id":"e4be0ca5-80e9-46bb-9d30-e026d07bd563", "isDeleted:":"true", "version":"1703602157108"}}
{"logTime": "0115/133623", "correlationVector":"xUbWv2hD36ScC+aA8Jfhht.177","action":"GetUpdates", "result":"DeleteReceived", "context":{"id":"4e291ce9-205e-4bc3-8b80-30fad761ba79", "isDeleted:":"true", "version":"1703605690072"}}
{"logTime": "0115/133623", "correlationVector":"xUbWv2hD36ScC+aA8Jfhht.178","action":"GetUpdates", "result":"DeleteReceived", "context":{"id":"0de52fff-45ae-4d63-8f38-1bdd0ff5ce97", "isDeleted:":"true", "version":"1703608215163"}}
{"logTime": "0115/133623", "correlationVector":"xUbWv2hD36ScC+aA8Jfhht.179","action":"GetUpdates", "result":"DeleteReceived", "context":{"id":"4998a634-d533-4549-8793-54512c16f3b3", "isDeleted:":"true", "version":"1703617186701"}}
{"logTime": "0115/133623", "correlationVector":"xUbWv2hD36ScC+aA8Jfhht.180","action":"GetUpdates", "result":"DeleteReceived", "context":{"id":"e8b5a4a7-2454-4488-af3e-a9e3baccf339", "isDeleted:":"true", "version":"1703620787383"}}
{"logTime": "0115/133623", "correlationVector":"xUbWv2hD36ScC+aA8Jfhht.181","action":"GetUpdates", "result":"DeleteReceived", "context":{"id":"01e79926-1029-41c8-af58-33dc0ce6af17", "isDeleted:":"true", "version":"1703620787384"}}
{"logTime": "0115/133623", "correlationVector":"xUbWv2hD36ScC+aA8Jfhht.182","action":"GetUpdates", "result":"DeleteReceived", "context":{"id":"37d38d2c-c6ce-4121-a01a-8e43bcfe7fd6", "isDeleted:":"true", "version":"1703620787386"}}
{"logTime": "0115/133623", "correlationVector":"xUbWv2hD36ScC+aA8Jfhht.183","action":"GetUpdates", "result":"DeleteReceived", "context":{"id":"1f6f666d-ad27-4180-8056-393a45ff4a06", "isDeleted:":"true", "version":"1703620787389"}}
{"logTime": "0115/133623", "correlationVector":"xUbWv2hD36ScC+aA8Jfhht.184","action":"GetUpdates", "result":"DeleteReceived", "context":{"id":"4ff13bd8-a79c-4566-a542-493cd2591a50", "isDeleted:":"true", "version":"1703651582154"}}
{"logTime": "0115/133623", "correlationVector":"xUbWv2hD36ScC+aA8Jfhht.185","action":"GetUpdates", "result":"DeleteReceived", "context":{"id":"4d6e19cc-55ab-45a6-a3d2-2f28d1354481", "isDeleted:":"true", "version":"1703651582156"}}
{"logTime": "0115/133623", "correlationVector":"xUbWv2hD36ScC+aA8Jfhht.186","action":"GetUpdates", "result":"DeleteReceived", "context":{"id":"d0639a45-c80b-4dea-b44c-cf61698024c9", "isDeleted:":"true", "version":"1703874501974"}}
{"logTime": "0115/133623", "correlationVector":"xUbWv2hD36ScC+aA8Jfhht.187","action":"GetUpdates", "result":"DeleteReceived", "context":{"id":"6caea744-53a4-4800-80f2-af69aba9e766", "isDeleted:":"true", "version":"1703874501975"}}
{"logTime": "0115/133623", "correlationVector":"xUbWv2hD36ScC+aA8Jfhht.188","action":"GetUpdates", "result":"DeleteReceived", "context":{"id":"7da8b1f1-95a8-4e78-8d52-2185fb680ef1", "isDeleted:":"true", "version":"1703874543020"}}
{"logTime": "0115/133623", "correlationVector":"xUbWv2hD36ScC+aA8Jfhht.189","action":"GetUpdates", "result":"DeleteReceived", "context":{"id":"744d0b67-efa4-405e-a5e7-5acacb03a622", "isDeleted:":"true", "version":"1703874543021"}}
{"logTime": "0115/133623", "correlationVector":"xUbWv2hD36ScC+aA8Jfhht.190","action":"GetUpdates", "result":"DeleteReceived", "context":{"id":"5c0dbd53-470d-417f-80d3-315f21c0b21a", "isDeleted:":"true", "version":"1703874543023"}}
{"logTime": "0115/133623", "correlationVector":"xUbWv2hD36ScC+aA8Jfhht.191","action":"GetUpdates", "result":"DeleteReceived", "context":{"id":"55baf881-60ce-459f-92bd-57e292bdcc91", "isDeleted:":"true", "version":"1703874543024"}}
{"logTime": "0115/133623", "correlationVector":"xUbWv2hD36ScC+aA8Jfhht.192","action":"GetUpdates", "result":"DeleteReceived", "context":{"id":"32b461a6-ea20-4684-b227-fa418440b415", "isDeleted:":"true", "version":"1703874543025"}}
{"logTime": "0115/133623", "correlationVector":"xUbWv2hD36ScC+aA8Jfhht.193","action":"GetUpdates", "result":"DeleteReceived", "context":{"id":"f4ba5219-5a92-4ad8-acfe-5e815371e6f2", "isDeleted:":"true", "version":"1703874569108"}}
{"logTime": "0115/133623", "correlationVector":"xUbWv2hD36ScC+aA8Jfhht.194","action":"GetUpdates", "result":"DeleteReceived", "context":{"id":"f6c0d639-62fc-4c85-85a8-1f8f155f050e", "isDeleted:":"true", "version":"1703921258877"}}
{"logTime": "0115/133623", "correlationVector":"xUbWv2hD36ScC+aA8Jfhht.195","action":"GetUpdates", "result":"DeleteReceived", "context":{"id":"bd08e897-e82e-461c-9c95-ba6f027a8fd9", "isDeleted:":"true", "version":"1703921258878"}}
{"logTime": "0115/133623", "correlationVector":"xUbWv2hD36ScC+aA8Jfhht.196","action":"GetUpdates", "result":"DeleteReceived", "context":{"id":"245e91c6-8019-462f-be02-2943c6627021", "isDeleted:":"true", "version":"1703933058910"}}
{"logTime": "0115/133623", "correlationVector":"xUbWv2hD36ScC+aA8Jfhht.197","action":"GetUpdates", "result":"DeleteReceived", "context":{"id":"152b26f0-78bd-4e27-84f5-992f9ad845c4", "isDeleted:":"true", "version":"1703989620909"}}
{"logTime": "0115/133623", "correlationVector":"xUbWv2hD36ScC+aA8Jfhht.198","action":"GetUpdates", "result":"DeleteReceived", "context":{"id":"09d67896-725f-4278-82dd-4a182186b478", "isDeleted:":"true", "version":"1703989620912"}}
{"logTime": "0115/133623", "correlationVector":"xUbWv2hD36ScC+aA8Jfhht.199","action":"GetUpdates", "result":"DeleteReceived", "context":{"id":"cd8eb51e-6e06-4e49-8bd7-f106532dc9ab", "isDeleted:":"true", "version":"1703999312129"}}
{"logTime": "0115/133623", "correlationVector":"xUbWv2hD36ScC+aA8Jfhht.200","action":"GetUpdates", "result":"DeleteReceived", "context":{"id":"d393a331-e2fe-4651-ab74-2459b3385eca", "isDeleted:":"true", "version":"1703999312130"}}
{"logTime": "0115/133623", "correlationVector":"xUbWv2hD36ScC+aA8Jfhht.201","action":"GetUpdates", "result":"DeleteReceived", "context":{"id":"7ed33f93-d6a0-4d30-b103-03c901e4ff3c", "isDeleted:":"true", "version":"1703999312131"}}
{"logTime": "0115/133623", "correlationVector":"xUbWv2hD36ScC+aA8Jfhht.202","action":"GetUpdates", "result":"DeleteReceived", "context":{"id":"f2bc1c3a-4311-4a77-bd58-0de1bad2b6d0", "isDeleted:":"true", "version":"1704184331693"}}
{"logTime": "0115/133623", "correlationVector":"xUbWv2hD36ScC+aA8Jfhht.203","action":"GetUpdates", "result":"DeleteReceived", "context":{"id":"997d1888-fb41-487a-b430-78f9f3d3014d", "isDeleted:":"true", "version":"1704184331695"}}
{"logTime": "0115/133623", "correlationVector":"xUbWv2hD36ScC+aA8Jfhht.204","action":"GetUpdates", "result":"DeleteReceived", "context":{"id":"bedb17cb-1f0c-4148-a2fe-4b8351a13e71", "isDeleted:":"true", "version":"1704184331697"}}
{"logTime": "0115/133623", "correlationVector":"xUbWv2hD36ScC+aA8Jfhht.205","action":"GetUpdates", "result":"DeleteReceived", "context":{"id":"afcd615b-a4f5-4b2d-bc41-d3b9fe4d87c3", "isDeleted:":"true", "version":"1704196176371"}}
{"logTime": "0115/133623", "correlationVector":"xUbWv2hD36ScC+aA8Jfhht.206","action":"GetUpdates", "result":"DeleteReceived", "context":{"id":"95036a11-dfcf-40c4-9899-1886b570eb77", "isDeleted:":"true", "version":"1704196176373"}}
{"logTime": "0115/133623", "correlationVector":"xUbWv2hD36ScC+aA8Jfhht.207","action":"GetUpdates", "result":"DeleteReceived", "context":{"id":"e90b851b-d423-409c-a166-18347a6e01f1", "isDeleted:":"true", "version":"1704196176374"}}
{"logTime": "0115/133623", "correlationVector":"xUbWv2hD36ScC+aA8Jfhht.208","action":"GetUpdates", "result":"DeleteReceived", "context":{"id":"9f01b8db-686f-4a98-97ec-2b2394bd8f42", "isDeleted:":"true", "version":"1704196176376"}}
{"logTime": "0115/133623", "correlationVector":"xUbWv2hD36ScC+aA8Jfhht.209","action":"GetUpdates", "result":"DeleteReceived", "context":{"id":"17a87792-f3bf-4e95-bce7-7e01e0bcd3de", "isDeleted:":"true", "version":"1704342136435"}}
{"logTime": "0115/133623", "correlationVector":"xUbWv2hD36ScC+aA8Jfhht.210","action":"GetUpdates", "result":"DeleteReceived", "context":{"id":"2b9789d6-f95c-469b-a3bf-e247945fbec1", "isDeleted:":"true", "version":"1704342136436"}}
{"logTime": "0115/133623", "correlationVector":"xUbWv2hD36ScC+aA8Jfhht.211","action":"GetUpdates", "result":"DeleteReceived", "context":{"id":"6d8e5a86-253e-45dd-ab55-58d559b2c7e6", "isDeleted:":"true", "version":"1704342136437"}}
{"logTime": "0115/133623", "correlationVector":"xUbWv2hD36ScC+aA8Jfhht.212","action":"GetUpdates", "result":"DeleteReceived", "context":{"id":"dd8647a5-af01-438f-b3a2-7dad9a37b18f", "isDeleted:":"true", "version":"1704342136439"}}
{"logTime": "0115/133623", "correlationVector":"xUbWv2hD36ScC+aA8Jfhht.213","action":"GetUpdates", "result":"DeleteReceived", "context":{"id":"196e1fb0-6b36-4a4c-8ddd-d311e1d33547", "isDeleted:":"true", "version":"1704510613010"}}
{"logTime": "0115/133623", "correlationVector":"xUbWv2hD36ScC+aA8Jfhht.214","action":"GetUpdates", "result":"DeleteReceived", "context":{"id":"837fb6f2-a221-4b0e-8f85-1aa625c847f6", "isDeleted:":"true", "version":"1704524681783"}}
{"logTime": "0115/133623", "correlationVector":"xUbWv2hD36ScC+aA8Jfhht.215","action":"GetUpdates", "result":"DeleteReceived", "context":{"id":"8a50558d-1578-4436-9cb3-a8d3adac2028", "isDeleted:":"true", "version":"1704528282835"}}
{"logTime": "0115/133623", "correlationVector":"xUbWv2hD36ScC+aA8Jfhht.216","action":"GetUpdates", "result":"DeleteReceived", "context":{"id":"99366382-e7b5-44aa-9852-db5fb3b79c14", "isDeleted:":"true", "version":"1704528282836"}}
{"logTime": "0115/133623", "correlationVector":"xUbWv2hD36ScC+aA8Jfhht.217","action":"GetUpdates", "result":"DeleteReceived", "context":{"id":"02817a11-7ffb-49a7-921d-2976309be74c", "isDeleted:":"true", "version":"1704592036372"}}
{"logTime": "0115/133623", "correlationVector":"xUbWv2hD36ScC+aA8Jfhht.218","action":"GetUpdates", "result":"DeleteReceived", "context":{"id":"3da695dc-64d1-4db3-afec-18103cd4ac8a", "isDeleted:":"true", "version":"1704592036375"}}
{"logTime": "0115/133623", "correlationVector":"xUbWv2hD36ScC+aA8Jfhht.219","action":"GetUpdates", "result":"DeleteReceived", "context":{"id":"a01ef47c-2e16-4d0b-9f08-487292319ec3", "isDeleted:":"true", "version":"1704616888659"}}
{"logTime": "0115/133623", "correlationVector":"xUbWv2hD36ScC+aA8Jfhht.220","action":"GetUpdates Response", "result":"SERVER_MORE_TO_DOWNLOAD", "context":Received 250 update(s).  Some updates remain.}
{"logTime": "0115/133623", "correlationVector":"K4n7NhUmn2lp5G6QMnpjdz","action":"Initial GetUpdates", "result":"", "context":Reason: RECONFIGURATION. cV=K4n7NhUmn2lp5G6QMnpjdz}
{"logTime": "0115/133624", "correlationVector":"K4n7NhUmn2lp5G6QMnpjdz.1","action":"SyncServerConnectionManagerRequest", "result":"SYNC_SERVER_OK", "context":{"environment":"Prod_SoutheastAsia_000j", "migrationStage":"NotStarted", "server":"GENERAL0100000Q"}}
{"logTime": "0115/133624", "correlationVector":"K4n7NhUmn2lp5G6QMnpjdz.2","action":"GetUpdates", "result":"DeleteReceived", "context":{"id":"b6c04de4-7c51-4acc-a8ba-034e30588389", "isDeleted:":"true", "version":"1704625311735"}}
{"logTime": "0115/133624", "correlationVector":"K4n7NhUmn2lp5G6QMnpjdz.3","action":"GetUpdates", "result":"DeleteReceived", "context":{"id":"cfc8ae46-45f9-4f4e-b9cb-11e8dae274bc", "isDeleted:":"true", "version":"1704625311736"}}
{"logTime": "0115/133624", "correlationVector":"K4n7NhUmn2lp5G6QMnpjdz.4","action":"GetUpdates", "result":"DeleteReceived", "context":{"id":"fc678dcf-f227-4d6d-bd00-10bc3e4b5fa7", "isDeleted:":"true", "version":"1704625311738"}}
{"logTime": "0115/133624", "correlationVector":"K4n7NhUmn2lp5G6QMnpjdz.5","action":"GetUpdates", "result":"DeleteReceived", "context":{"id":"f7eeba9a-2e6e-4482-b361-1872d82b94b2", "isDeleted:":"true", "version":"1704640222311"}}
{"logTime": "0115/133624", "correlationVector":"K4n7NhUmn2lp5G6QMnpjdz.6","action":"GetUpdates", "result":"DeleteReceived", "context":{"id":"346bdc5e-65d3-4f85-9620-cd9feb0648b6", "isDeleted:":"true", "version":"1704724495416"}}
{"logTime": "0115/133624", "correlationVector":"K4n7NhUmn2lp5G6QMnpjdz.7","action":"GetUpdates", "result":"DeleteReceived", "context":{"id":"abe41312-35cc-4c9c-89bd-df86376da647", "isDeleted:":"true", "version":"1704724495417"}}
{"logTime": "0115/133624", "correlationVector":"K4n7NhUmn2lp5G6QMnpjdz.8","action":"GetUpdates", "result":"DeleteReceived", "context":{"id":"c60d32ce-5890-4f80-adf4-c42b4333af1d", "isDeleted:":"true", "version":"1704724495418"}}
{"logTime": "0115/133624", "correlationVector":"K4n7NhUmn2lp5G6QMnpjdz.9","action":"GetUpdates", "result":"DeleteReceived", "context":{"id":"f6dc62eb-b002-4a68-a619-7e22197b4dae", "isDeleted:":"true", "version":"1704724495419"}}
{"logTime": "0115/133624", "correlationVector":"K4n7NhUmn2lp5G6QMnpjdz.10","action":"GetUpdates", "result":"DeleteReceived", "context":{"id":"a67899e2-a977-4620-a28f-a6f948bf3230", "isDeleted:":"true", "version":"1704724495421"}}
{"logTime": "0115/133624", "correlationVector":"K4n7NhUmn2lp5G6QMnpjdz.11","action":"GetUpdates", "result":"DeleteReceived", "context":{"id":"35653563-ce28-4251-bd7e-3029b6d13580", "isDeleted:":"true", "version":"1704752575789"}}
{"logTime": "0115/133624", "correlationVector":"K4n7NhUmn2lp5G6QMnpjdz.12","action":"GetUpdates", "result":"DeleteReceived", "context":{"id":"54859b7d-6e6b-4a04-bea3-857f833c23d0", "isDeleted:":"true", "version":"1704753297974"}}
{"logTime": "0115/133624", "correlationVector":"K4n7NhUmn2lp5G6QMnpjdz.13","action":"GetUpdates", "result":"DeleteReceived", "context":{"id":"8a772363-f67f-4a28-abf6-98c59aa3226d", "isDeleted:":"true", "version":"1704765401817"}}
{"logTime": "0115/133624", "correlationVector":"K4n7NhUmn2lp5G6QMnpjdz.14","action":"GetUpdates", "result":"DeleteReceived", "context":{"id":"a3286fd4-acfa-413c-84b2-412d14b1f4bf", "isDeleted:":"true", "version":"1704765401819"}}
{"logTime": "0115/133624", "correlationVector":"K4n7NhUmn2lp5G6QMnpjdz.15","action":"GetUpdates", "result":"DeleteReceived", "context":{"id":"6356a9c6-68b0-40d3-9162-67c5772ab1a0", "isDeleted:":"true", "version":"1704766556683"}}
{"logTime": "0115/133624", "correlationVector":"K4n7NhUmn2lp5G6QMnpjdz.16","action":"GetUpdates", "result":"DeleteReceived", "context":{"id":"b1a97032-8ceb-42f0-b4d9-ef6a8d5197a2", "isDeleted:":"true", "version":"1704766556684"}}
{"logTime": "0115/133624", "correlationVector":"K4n7NhUmn2lp5G6QMnpjdz.17","action":"GetUpdates", "result":"DeleteReceived", "context":{"id":"34ae426f-5cee-4a3e-a963-ffd965a13817", "isDeleted:":"true", "version":"1704766556685"}}
{"logTime": "0115/133624", "correlationVector":"K4n7NhUmn2lp5G6QMnpjdz.18","action":"GetUpdates", "result":"DeleteReceived", "context":{"id":"412f60d9-8312-42ff-be6d-5832d6c6f362", "isDeleted:":"true", "version":"1704798904648"}}
{"logTime": "0115/133624", "correlationVector":"K4n7NhUmn2lp5G6QMnpjdz.19","action":"GetUpdates", "result":"DeleteReceived", "context":{"id":"75844293-bf2a-487e-b218-bc99d06295d0", "isDeleted:":"true", "version":"1704803540406"}}
{"logTime": "0115/133624", "correlationVector":"K4n7NhUmn2lp5G6QMnpjdz.20","action":"GetUpdates", "result":"DeleteReceived", "context":{"id":"3fc72c65-10a3-42eb-afdb-892915f6d57c", "isDeleted:":"true", "version":"1704803540407"}}
{"logTime": "0115/133624", "correlationVector":"K4n7NhUmn2lp5G6QMnpjdz.21","action":"GetUpdates", "result":"DeleteReceived", "context":{"id":"e4bb902a-c9ba-4792-8de5-5d6b902a1d7a", "isDeleted:":"true", "version":"1704803540408"}}
{"logTime": "0115/133624", "correlationVector":"K4n7NhUmn2lp5G6QMnpjdz.22","action":"GetUpdates", "result":"DeleteReceived", "context":{"id":"076e86d2-5ddc-46f3-b1db-7451b6defd58", "isDeleted:":"true", "version":"1704803540410"}}
{"logTime": "0115/133624", "correlationVector":"K4n7NhUmn2lp5G6QMnpjdz.23","action":"GetUpdates", "result":"DeleteReceived", "context":{"id":"9c226758-9754-4cb7-b9c6-310a908668ac", "isDeleted:":"true", "version":"1704803540411"}}
{"logTime": "0115/133624", "correlationVector":"K4n7NhUmn2lp5G6QMnpjdz.24","action":"GetUpdates", "result":"DeleteReceived", "context":{"id":"677c6ece-679c-4b27-8ab6-cc4bcd72ec89", "isDeleted:":"true", "version":"1704803540412"}}
{"logTime": "0115/133624", "correlationVector":"K4n7NhUmn2lp5G6QMnpjdz.25","action":"GetUpdates", "result":"DeleteReceived", "context":{"id":"985d06ca-cbdc-4fbf-8f00-08bf08784e0d", "isDeleted:":"true", "version":"1704803540414"}}
{"logTime": "0115/133624", "correlationVector":"K4n7NhUmn2lp5G6QMnpjdz.26","action":"GetUpdates", "result":"DeleteReceived", "context":{"id":"252d3101-0774-49be-a39d-44ae30d97d77", "isDeleted:":"true", "version":"1704803546496"}}
{"logTime": "0115/133624", "correlationVector":"K4n7NhUmn2lp5G6QMnpjdz.27","action":"GetUpdates", "result":"DeleteReceived", "context":{"id":"eb4052bf-afcc-48f5-b2b0-19f452c7f0e3", "isDeleted:":"true", "version":"1704881927188"}}
{"logTime": "0115/133624", "correlationVector":"K4n7NhUmn2lp5G6QMnpjdz.28","action":"GetUpdates", "result":"DeleteReceived", "context":{"id":"92b3998f-2d14-4157-9f65-d7aeaec34bc7", "isDeleted:":"true", "version":"1704959661948"}}
{"logTime": "0115/133624", "correlationVector":"K4n7NhUmn2lp5G6QMnpjdz.29","action":"GetUpdates", "result":"DeleteReceived", "context":{"id":"9aec6bb2-8216-4138-9cd2-3becc741eea4", "isDeleted:":"true", "version":"1704959661950"}}
{"logTime": "0115/133624", "correlationVector":"K4n7NhUmn2lp5G6QMnpjdz.30","action":"GetUpdates", "result":"DeleteReceived", "context":{"id":"26b11b9b-6617-4888-8ebc-542cf56cd7d3", "isDeleted:":"true", "version":"1704960559261"}}
{"logTime": "0115/133624", "correlationVector":"K4n7NhUmn2lp5G6QMnpjdz.31","action":"GetUpdates", "result":"DeleteReceived", "context":{"id":"ad2256b2-6751-4de6-9e1f-299f6606ec4d", "isDeleted:":"true", "version":"1704961391370"}}
{"logTime": "0115/133624", "correlationVector":"K4n7NhUmn2lp5G6QMnpjdz.32","action":"GetUpdates", "result":"DeleteReceived", "context":{"id":"bc551b6e-360e-4504-809f-dd6bb9484e9e", "isDeleted:":"true", "version":"1704962277748"}}
{"logTime": "0115/133624", "correlationVector":"K4n7NhUmn2lp5G6QMnpjdz.33","action":"GetUpdates", "result":"DeleteReceived", "context":{"id":"6a0a9831-6031-4300-aaf3-8028a6c1cd86", "isDeleted:":"true", "version":"1704974289828"}}
{"logTime": "0115/133624", "correlationVector":"K4n7NhUmn2lp5G6QMnpjdz.34","action":"GetUpdates", "result":"DeleteReceived", "context":{"id":"c44c277b-c16a-4935-8c34-944b84aa136f", "isDeleted:":"true", "version":"1704974289829"}}
{"logTime": "0115/133624", "correlationVector":"K4n7NhUmn2lp5G6QMnpjdz.35","action":"GetUpdates", "result":"DeleteReceived", "context":{"id":"3d36a600-4311-4761-be22-25c1526334ad", "isDeleted:":"true", "version":"1704974289830"}}
{"logTime": "0115/133624", "correlationVector":"K4n7NhUmn2lp5G6QMnpjdz.36","action":"GetUpdates", "result":"DeleteReceived", "context":{"id":"9b047f60-9274-4660-8c2b-61b5dd459331", "isDeleted:":"true", "version":"1704974289832"}}
{"logTime": "0115/133624", "correlationVector":"K4n7NhUmn2lp5G6QMnpjdz.37","action":"GetUpdates", "result":"DeleteReceived", "context":{"id":"ab1f42e7-7a08-4bdb-9d54-afa8ce5b2783", "isDeleted:":"true", "version":"1704974889724"}}
{"logTime": "0115/133624", "correlationVector":"K4n7NhUmn2lp5G6QMnpjdz.38","action":"GetUpdates", "result":"DeleteReceived", "context":{"id":"b44c8298-8eb9-4323-a951-a22142787707", "isDeleted:":"true", "version":"1704978491560"}}
{"logTime": "0115/133624", "correlationVector":"K4n7NhUmn2lp5G6QMnpjdz.39","action":"GetUpdates", "result":"DeleteReceived", "context":{"id":"6f596725-0746-4743-8653-ad7270fa4c5e", "isDeleted:":"true", "version":"1705025909457"}}
{"logTime": "0115/133624", "correlationVector":"K4n7NhUmn2lp5G6QMnpjdz.40","action":"GetUpdates", "result":"DeleteReceived", "context":{"id":"ef51b331-79c9-44af-b6e7-9c478a9b4a26", "isDeleted:":"true", "version":"1705025909458"}}
{"logTime": "0115/133624", "correlationVector":"K4n7NhUmn2lp5G6QMnpjdz.41","action":"GetUpdates", "result":"DeleteReceived", "context":{"id":"876db6b1-36a3-4ce7-92bb-10920975220e", "isDeleted:":"true", "version":"1705025909459"}}
{"logTime": "0115/133624", "correlationVector":"K4n7NhUmn2lp5G6QMnpjdz.42","action":"GetUpdates", "result":"DeleteReceived", "context":{"id":"f8b1338f-fa97-482d-aeb5-e2b4d53b10f2", "isDeleted:":"true", "version":"1705025909461"}}
{"logTime": "0115/133624", "correlationVector":"K4n7NhUmn2lp5G6QMnpjdz.43","action":"GetUpdates", "result":"DeleteReceived", "context":{"id":"03e7fa21-8707-4e56-a18e-f317afe9d5d2", "isDeleted:":"true", "version":"1705131295915"}}
{"logTime": "0115/133624", "correlationVector":"K4n7NhUmn2lp5G6QMnpjdz.44","action":"GetUpdates", "result":"DeleteReceived", "context":{"id":"2e4e7a4b-0328-4fab-880f-ce1fe8715331", "isDeleted:":"true", "version":"1705132596068"}}
{"logTime": "0115/133624", "correlationVector":"K4n7NhUmn2lp5G6QMnpjdz.45","action":"GetUpdates", "result":"DeleteReceived", "context":{"id":"dbe5d6ba-9c43-4b02-97d5-ad061c1080f0", "isDeleted:":"true", "version":"1705134120801"}}
{"logTime": "0115/133624", "correlationVector":"K4n7NhUmn2lp5G6QMnpjdz.46","action":"GetUpdates", "result":"DeleteReceived", "context":{"id":"2fc31e7e-27e6-4606-ac8c-4389984efecb", "isDeleted:":"true", "version":"1705307523656"}}
{"logTime": "0115/133624", "correlationVector":"K4n7NhUmn2lp5G6QMnpjdz.47","action":"GetUpdates", "result":"DeleteReceived", "context":{"id":"b3b0a7f0-5b42-4b24-aba5-66c7be09b8b7", "isDeleted:":"true", "version":"1705307523658"}}
{"logTime": "0115/133624", "correlationVector":"K4n7NhUmn2lp5G6QMnpjdz.48","action":"GetUpdates", "result":"DeleteReceived", "context":{"id":"fd1dd983-d29d-4691-97b5-0d7b9228f8dc", "isDeleted:":"true", "version":"1705319874554"}}
{"logTime": "0115/133624", "correlationVector":"K4n7NhUmn2lp5G6QMnpjdz.49","action":"GetUpdates", "result":"DeleteReceived", "context":{"id":"715706ab-a47c-4410-8192-589eb3333d40", "isDeleted:":"true", "version":"1705319874556"}}
{"logTime": "0115/133624", "correlationVector":"K4n7NhUmn2lp5G6QMnpjdz.50","action":"GetUpdates", "result":"DeleteReceived", "context":{"id":"4e318d17-8b5e-44c9-8fa9-7d89b5447420", "isDeleted:":"true", "version":"1705319874557"}}
{"logTime": "0115/133624", "correlationVector":"K4n7NhUmn2lp5G6QMnpjdz.51","action":"GetUpdates", "result":"DeleteReceived", "context":{"id":"35c3e828-21d2-439d-b9e0-9e0e3d1ed0d0", "isDeleted:":"true", "version":"1705319874559"}}
{"logTime": "0115/133624", "correlationVector":"K4n7NhUmn2lp5G6QMnpjdz.52","action":"GetUpdates", "result":"DeleteReceived", "context":{"id":"b04302c6-9b7c-412e-bbab-2bcbef8b2c03", "isDeleted:":"true", "version":"1705320859542"}}
{"logTime": "0115/133624", "correlationVector":"K4n7NhUmn2lp5G6QMnpjdz.53","action":"GetUpdates", "result":"DeleteReceived", "context":{"id":"adc3694a-16b8-44e7-b273-42a8c59fc8da", "isDeleted:":"true", "version":"1705321704523"}}
{"logTime": "0115/133624", "correlationVector":"K4n7NhUmn2lp5G6QMnpjdz.54","action":"GetUpdates", "result":"DeleteReceived", "context":{"id":"1db78ac5-4300-4901-8f94-6cd366039847", "isDeleted:":"true", "version":"1705321931789"}}
{"logTime": "0115/133624", "correlationVector":"K4n7NhUmn2lp5G6QMnpjdz.55","action":"GetUpdates", "result":"DeleteReceived", "context":{"id":"25c430e7-38fb-494d-8200-a286fde14e6a", "isDeleted:":"true", "version":"1705322300651"}}
{"logTime": "0115/133624", "correlationVector":"K4n7NhUmn2lp5G6QMnpjdz.56","action":"GetUpdates", "result":"DeleteReceived", "context":{"id":"fcbf131e-9d96-4f29-ab35-9d404f407898", "isDeleted:":"true", "version":"1705322796263"}}
{"logTime": "0115/133624", "correlationVector":"K4n7NhUmn2lp5G6QMnpjdz.57","action":"GetUpdates", "result":"DeleteReceived", "context":{"id":"60da25a9-2e66-4f81-b26b-e58dfd7a8ae5", "isDeleted:":"true", "version":"1705325313472"}}
{"logTime": "0115/133624", "correlationVector":"K4n7NhUmn2lp5G6QMnpjdz.58","action":"GetUpdates", "result":"DeleteReceived", "context":{"id":"0c4dd23a-190f-4959-a649-83156fab2e28", "isDeleted:":"true", "version":"1705325525054"}}
{"logTime": "0115/133624", "correlationVector":"K4n7NhUmn2lp5G6QMnpjdz.59","action":"GetUpdates Response", "result":"SYNCER_OK", "context":Received 104 update(s). cV=K4n7NhUmn2lp5G6QMnpjdz.0;server=GENERAL0100000Q;cloudType=Consumer;environment=Prod_SoutheastAsia_000j;migrationStage=NotStarted}
{"logTime": "0115/133624", "correlationVector":"cxwMK9xwEdlYVqaG14ajJv","action":"Normal GetUpdate request", "result":"", "context":cV=cxwMK9xwEdlYVqaG14ajJv
Nudged types: Autofill, Sessions, Device Info
Refresh requested types: Bookmarks, Preferences, Passwords, Autofill Profiles, Autofill, Autofill Custom Data, Typed URLs, Extensions, Sessions, Extension settings, History Delete Directives, Device Info, User Consents, Send Tab To Self, Web Apps, Collection, Edge E Drop, Edge Hub App Usage, Edge Wallet, Encryption Keys}
{"logTime": "0115/133624", "correlationVector":"cxwMK9xwEdlYVqaG14ajJv.1","action":"SyncServerConnectionManagerRequest", "result":"SYNC_SERVER_OK", "context":{"environment":"Prod_SoutheastAsia_000j", "migrationStage":"NotStarted", "server":"GENERAL0300002A"}}
{"logTime": "0115/133624", "correlationVector":"cxwMK9xwEdlYVqaG14ajJv.2","action":"GetUpdates Response", "result":"SYNCER_OK", "context":Received 0 update(s). cV=cxwMK9xwEdlYVqaG14ajJv.0;server=GENERAL0300002A;cloudType=Consumer;environment=Prod_SoutheastAsia_000j;migrationStage=NotStarted}
{"logTime": "0115/133624", "correlationVector":"MaVvP28AT3MTbcP/RAl07s","action":"Commit Request", "result":"", "context":Item count: 1
Contributing types: Device Info}
{"logTime": "0115/133627", "correlationVector":"MaVvP28AT3MTbcP/RAl07s.1","action":"SyncServerConnectionManagerRequest", "result":"SYNC_SERVER_OK", "context":{"environment":"Prod_SoutheastAsia_000j", "migrationStage":"NotStarted", "server":"GENERAL0300000O"}}
{"logTime": "0115/133627", "correlationVector":"MaVvP28AT3MTbcP/RAl07s.2","action":"Commit Response", "result":"SYNCER_OK", "context":Result: SYNCER_OK. cV=MaVvP28AT3MTbcP/RAl07s.0;server=GENERAL0300000O;cloudType=Consumer;environment=Prod_SoutheastAsia_000j;migrationStage=NotStarted}
{"logTime": "0115/133627", "correlationVector":"ca1f/RmejAdS9w0XT1szT1","action":"Commit Request", "result":"", "context":Item count: 3
Contributing types: Autofill, Sessions}
{"logTime": "0115/133628", "correlationVector":"ca1f/RmejAdS9w0XT1szT1.1","action":"SyncServerConnectionManagerRequest", "result":"SYNC_SERVER_OK", "context":{"environment":"Prod_SoutheastAsia_000j", "migrationStage":"NotStarted", "server":"GENERAL01000008"}}
{"logTime": "0115/133628", "correlationVector":"ca1f/RmejAdS9w0XT1szT1.2","action":"Commit Response", "result":"SYNCER_OK", "context":Result: SYNCER_OK. cV=ca1f/RmejAdS9w0XT1szT1.0;server=GENERAL01000008;cloudType=Consumer;environment=Prod_SoutheastAsia_000j;migrationStage=NotStarted}
{"logTime": "0115/133640", "correlationVector":"CCa2wRtbzt184kcIx4Ufj2","action":"Normal GetUpdate request", "result":"", "context":cV=CCa2wRtbzt184kcIx4Ufj2
Nudged types: Sessions
Notified types: Autofill}
{"logTime": "0115/133642", "correlationVector":"CCa2wRtbzt184kcIx4Ufj2.1","action":"SyncServerConnectionManagerRequest", "result":"SYNC_SERVER_OK", "context":{"environment":"Prod_SoutheastAsia_000j", "migrationStage":"NotStarted", "server":"GENERAL01000002"}}
{"logTime": "0115/133642", "correlationVector":"CCa2wRtbzt184kcIx4Ufj2.2","action":"GetUpdates Response", "result":"SYNCER_OK", "context":Received 4 update(s). cV=CCa2wRtbzt184kcIx4Ufj2.0;server=GENERAL01000002;cloudType=Consumer;environment=Prod_SoutheastAsia_000j;migrationStage=NotStarted}
{"logTime": "0115/133642", "correlationVector":"2a7kAVbd4YOoQ1jJagm0Bd","action":"Commit Request", "result":"", "context":Item count: 1
Contributing types: Sessions}
{"logTime": "0115/133643", "correlationVector":"2a7kAVbd4YOoQ1jJagm0Bd.1","action":"SyncServerConnectionManagerRequest", "result":"SYNC_SERVER_OK", "context":{"environment":"Prod_SoutheastAsia_000j", "migrationStage":"NotStarted", "server":"GENERAL0100001H"}}
{"logTime": "0115/133643", "correlationVector":"2a7kAVbd4YOoQ1jJagm0Bd.2","action":"Commit Response", "result":"SYNCER_OK", "context":Result: SYNCER_OK. cV=2a7kAVbd4YOoQ1jJagm0Bd.0;server=GENERAL0100001H;cloudType=Consumer;environment=Prod_SoutheastAsia_000j;migrationStage=NotStarted}
{"logTime": "0115/133842", "correlationVector":"9hbKHl5ZKXh9et2eYl5Svj","action":"Commit Request", "result":"", "context":Item count: 1
Contributing types: Sessions}
{"logTime": "0115/133842", "correlationVector":"9hbKHl5ZKXh9et2eYl5Svj.1","action":"SyncServerConnectionManagerRequest", "result":"SYNC_SERVER_OK", "context":{"environment":"Prod_SoutheastAsia_000j", "migrationStage":"NotStarted", "server":"GENERAL0100001H"}}
{"logTime": "0115/133842", "correlationVector":"9hbKHl5ZKXh9et2eYl5Svj.2","action":"Commit Response", "result":"SYNCER_OK", "context":Result: SYNCER_OK. cV=9hbKHl5ZKXh9et2eYl5Svj.0;server=GENERAL0100001H;cloudType=Consumer;environment=Prod_SoutheastAsia_000j;migrationStage=NotStarted}
{"logTime": "0115/134109", "correlationVector":"zK3ns23VPCml4kVbLaEJ56","action":"Normal GetUpdate request", "result":"", "context":cV=zK3ns23VPCml4kVbLaEJ56
Refresh requested types: Bookmarks, Preferences, Passwords, Autofill Profiles, Autofill, Autofill Custom Data, Typed URLs, Extensions, Sessions, Extension settings, History Delete Directives, Device Info, User Consents, Send Tab To Self, Web Apps, Collection, Edge E Drop, Edge Hub App Usage, Edge Wallet, Encryption Keys}
{"logTime": "0115/134110", "correlationVector":"zK3ns23VPCml4kVbLaEJ56.1","action":"SyncServerConnectionManagerRequest", "result":"SYNC_SERVER_OK", "context":{"environment":"Prod_SoutheastAsia_000j", "migrationStage":"NotStarted", "server":"GENERAL01000008"}}
{"logTime": "0115/134110", "correlationVector":"zK3ns23VPCml4kVbLaEJ56.2","action":"GetUpdates Response", "result":"SYNCER_OK", "context":Received 1 update(s). cV=zK3ns23VPCml4kVbLaEJ56.0;server=GENERAL01000008;cloudType=Consumer;environment=Prod_SoutheastAsia_000j;migrationStage=NotStarted}
{"logTime": "0115/134110", "correlationVector":"LypCrz7BCABNwMHXz0tvrV","action":"Commit Request", "result":"", "context":Item count: 1
Contributing types: Sessions}
{"logTime": "0115/134110", "correlationVector":"LypCrz7BCABNwMHXz0tvrV.1","action":"SyncServerConnectionManagerRequest", "result":"SYNC_SERVER_OK", "context":{"environment":"Prod_SoutheastAsia_000j", "migrationStage":"NotStarted", "server":"GENERAL0300001J"}}
{"logTime": "0115/134110", "correlationVector":"LypCrz7BCABNwMHXz0tvrV.2","action":"Commit Response", "result":"SYNCER_OK", "context":Result: SYNCER_OK. cV=LypCrz7BCABNwMHXz0tvrV.0;server=GENERAL0300001J;cloudType=Consumer;environment=Prod_SoutheastAsia_000j;migrationStage=NotStarted}
{"logTime": "0115/134140", "correlationVector":"iHShPQsYwR6/0usKcg0R8V","action":"Commit Request", "result":"", "context":Item count: 1
Contributing types: Sessions}
{"logTime": "0115/134141", "correlationVector":"iHShPQsYwR6/0usKcg0R8V.1","action":"SyncServerConnectionManagerRequest", "result":"SYNC_SERVER_OK", "context":{"environment":"Prod_SoutheastAsia_000j", "migrationStage":"NotStarted", "server":"GENERAL0100000G"}}
{"logTime": "0115/134141", "correlationVector":"iHShPQsYwR6/0usKcg0R8V.2","action":"Commit Response", "result":"SYNCER_OK", "context":Result: SYNCER_OK. cV=iHShPQsYwR6/0usKcg0R8V.0;server=GENERAL0100000G;cloudType=Consumer;environment=Prod_SoutheastAsia_000j;migrationStage=NotStarted}
{"logTime": "0115/134345", "correlationVector":"Xr7RB1UjuT44p6q+A5kW+J","action":"Commit Request", "result":"", "context":Item count: 1
Contributing types: Passwords}
{"logTime": "0115/134345", "correlationVector":"Xr7RB1UjuT44p6q+A5kW+J.1","action":"SyncServerConnectionManagerRequest", "result":"SYNC_SERVER_OK", "context":{"environment":"Prod_SoutheastAsia_000j", "migrationStage":"NotStarted", "server":"GENERAL01000004"}}
{"logTime": "0115/134345", "correlationVector":"Xr7RB1UjuT44p6q+A5kW+J.2","action":"Commit Response", "result":"SYNCER_OK", "context":Result: SYNCER_OK. cV=Xr7RB1UjuT44p6q+A5kW+J.0;server=GENERAL01000004;cloudType=Consumer;environment=Prod_SoutheastAsia_000j;migrationStage=NotStarted}
{"logTime": "0115/134345", "correlationVector":"F+25/coDU+0u4+pVMRFFL6","action":"Commit Request", "result":"", "context":Item count: 1
Contributing types: Sessions}
{"logTime": "0115/134346", "correlationVector":"F+25/coDU+0u4+pVMRFFL6.1","action":"SyncServerConnectionManagerRequest", "result":"SYNC_SERVER_OK", "context":{"environment":"Prod_SoutheastAsia_000j", "migrationStage":"NotStarted", "server":"GENERAL0100001I"}}
{"logTime": "0115/134346", "correlationVector":"F+25/coDU+0u4+pVMRFFL6.2","action":"Commit Response", "result":"SYNCER_OK", "context":Result: SYNCER_OK. cV=F+25/coDU+0u4+pVMRFFL6.0;server=GENERAL0100001I;cloudType=Consumer;environment=Prod_SoutheastAsia_000j;migrationStage=NotStarted}
